TN:
SF:app/page.tsx
FN:89,HomePage
FN:133,(anonymous_3)
FN:142,(anonymous_4)
FN:174,(anonymous_5)
FN:198,(anonymous_6)
FN:223,(anonymous_7)
FN:248,(anonymous_8)
FN:270,(anonymous_9)
FN:353,(anonymous_10)
FN:378,(anonymous_11)
FN:457,(anonymous_12)
FN:474,(anonymous_13)
FN:504,(anonymous_14)
FN:504,(anonymous_15)
FN:531,(anonymous_16)
FN:531,(anonymous_17)
FN:560,(anonymous_18)
FN:560,(anonymous_19)
FN:583,(anonymous_20)
FN:584,(anonymous_21)
FN:595,(anonymous_22)
FN:595,(anonymous_23)
FN:658,(anonymous_24)
FN:676,(anonymous_25)
FN:713,(anonymous_26)
FN:757,(anonymous_27)
FN:763,(anonymous_28)
FN:860,(anonymous_29)
FN:860,(anonymous_30)
FN:866,(anonymous_31)
FN:882,(anonymous_32)
FN:882,(anonymous_33)
FN:888,(anonymous_34)
FN:901,(anonymous_35)
FN:901,(anonymous_36)
FN:919,(anonymous_37)
FN:919,(anonymous_38)
FN:937,(anonymous_39)
FN:937,(anonymous_40)
FN:955,(anonymous_41)
FN:955,(anonymous_42)
FN:967,(anonymous_43)
FN:967,(anonymous_44)
FN:1102,(anonymous_45)
FN:1130,(anonymous_46)
FN:1186,(anonymous_47)
FN:1202,(anonymous_48)
FN:1283,(anonymous_49)
FN:1298,(anonymous_50)
FN:1374,(anonymous_51)
FN:1421,(anonymous_52)
FNF:51
FNH:0
FNDA:0,HomePage
FNDA:0,(anonymous_3)
FNDA:0,(anonymous_4)
FNDA:0,(anonymous_5)
FNDA:0,(anonymous_6)
FNDA:0,(anonymous_7)
FNDA:0,(anonymous_8)
FNDA:0,(anonymous_9)
FNDA:0,(anonymous_10)
FNDA:0,(anonymous_11)
FNDA:0,(anonymous_12)
FNDA:0,(anonymous_13)
FNDA:0,(anonymous_14)
FNDA:0,(anonymous_15)
FNDA:0,(anonymous_16)
FNDA:0,(anonymous_17)
FNDA:0,(anonymous_18)
FNDA:0,(anonymous_19)
FNDA:0,(anonymous_20)
FNDA:0,(anonymous_21)
FNDA:0,(anonymous_22)
FNDA:0,(anonymous_23)
FNDA:0,(anonymous_24)
FNDA:0,(anonymous_25)
FNDA:0,(anonymous_26)
FNDA:0,(anonymous_27)
FNDA:0,(anonymous_28)
FNDA:0,(anonymous_29)
FNDA:0,(anonymous_30)
FNDA:0,(anonymous_31)
FNDA:0,(anonymous_32)
FNDA:0,(anonymous_33)
FNDA:0,(anonymous_34)
FNDA:0,(anonymous_35)
FNDA:0,(anonymous_36)
FNDA:0,(anonymous_37)
FNDA:0,(anonymous_38)
FNDA:0,(anonymous_39)
FNDA:0,(anonymous_40)
FNDA:0,(anonymous_41)
FNDA:0,(anonymous_42)
FNDA:0,(anonymous_43)
FNDA:0,(anonymous_44)
FNDA:0,(anonymous_45)
FNDA:0,(anonymous_46)
FNDA:0,(anonymous_47)
FNDA:0,(anonymous_48)
FNDA:0,(anonymous_49)
FNDA:0,(anonymous_50)
FNDA:0,(anonymous_51)
FNDA:0,(anonymous_52)
DA:3,0
DA:4,0
DA:5,0
DA:6,0
DA:30,0
DA:31,0
DA:32,0
DA:33,0
DA:34,0
DA:35,0
DA:36,0
DA:37,0
DA:38,0
DA:39,0
DA:40,0
DA:41,0
DA:42,0
DA:43,0
DA:78,0
DA:87,0
DA:89,0
DA:90,0
DA:91,0
DA:93,0
DA:96,0
DA:97,0
DA:98,0
DA:99,0
DA:108,0
DA:109,0
DA:110,0
DA:111,0
DA:112,0
DA:113,0
DA:114,0
DA:115,0
DA:118,0
DA:127,0
DA:128,0
DA:129,0
DA:130,0
DA:133,0
DA:134,0
DA:135,0
DA:136,0
DA:138,0
DA:142,0
DA:143,0
DA:144,0
DA:146,0
DA:147,0
DA:148,0
DA:151,0
DA:152,0
DA:153,0
DA:155,0
DA:156,0
DA:157,0
DA:159,0
DA:160,0
DA:161,0
DA:163,0
DA:164,0
DA:166,0
DA:168,0
DA:170,0
DA:174,0
DA:175,0
DA:176,0
DA:178,0
DA:179,0
DA:183,0
DA:185,0
DA:186,0
DA:189,0
DA:190,0
DA:192,0
DA:194,0
DA:198,0
DA:199,0
DA:201,0
DA:202,0
DA:204,0
DA:205,0
DA:210,0
DA:211,0
DA:213,0
DA:214,0
DA:215,0
DA:217,0
DA:219,0
DA:223,0
DA:224,0
DA:226,0
DA:227,0
DA:229,0
DA:230,0
DA:235,0
DA:236,0
DA:237,0
DA:238,0
DA:239,0
DA:240,0
DA:242,0
DA:244,0
DA:248,0
DA:249,0
DA:250,0
DA:251,0
DA:252,0
DA:253,0
DA:254,0
DA:255,0
DA:258,0
DA:270,0
DA:271,0
DA:278,0
DA:285,0
DA:286,0
DA:287,0
DA:289,0
DA:292,0
DA:293,0
DA:295,0
DA:296,0
DA:298,0
DA:306,0
DA:353,0
DA:379,0
DA:458,0
DA:474,0
DA:504,0
DA:531,0
DA:560,0
DA:584,0
DA:595,0
DA:659,0
DA:660,0
DA:677,0
DA:713,0
DA:757,0
DA:765,0
DA:860,0
DA:867,0
DA:882,0
DA:889,0
DA:901,0
DA:919,0
DA:937,0
DA:955,0
DA:967,0
DA:1102,0
DA:1130,0
DA:1187,0
DA:1203,0
DA:1284,0
DA:1299,0
DA:1374,0
DA:1421,0
LF:159
LH:0
BRDA:135,0,0,0
BRDA:144,1,0,0
BRDA:146,2,0,0
BRDA:161,3,0,0
BRDA:161,4,0,0
BRDA:161,4,1,0
BRDA:168,5,0,0
BRDA:168,5,1,0
BRDA:185,6,0,0
BRDA:186,7,0,0
BRDA:186,7,1,0
BRDA:192,8,0,0
BRDA:192,8,1,0
BRDA:199,9,0,0
BRDA:211,10,0,0
BRDA:211,11,0,0
BRDA:211,11,1,0
BRDA:217,12,0,0
BRDA:217,12,1,0
BRDA:224,13,0,0
BRDA:236,14,0,0
BRDA:236,15,0,0
BRDA:236,15,1,0
BRDA:242,16,0,0
BRDA:242,16,1,0
BRDA:285,17,0,0
BRDA:285,17,1,0
BRDA:286,18,0,0
BRDA:286,18,1,0
BRDA:295,19,0,0
BRDA:295,19,1,0
BRDA:296,20,0,0
BRDA:296,20,1,0
BRDA:410,21,0,0
BRDA:410,21,1,0
BRDA:423,22,0,0
BRDA:450,23,0,0
BRDA:584,24,0,0
BRDA:584,24,1,0
BRDA:660,25,0,0
BRDA:679,26,0,0
BRDA:679,26,1,0
BRDA:683,27,0,0
BRDA:685,28,0,0
BRDA:685,28,1,0
BRDA:700,29,0,0
BRDA:712,30,0,0
BRDA:727,31,0,0
BRDA:727,31,1,0
BRDA:735,32,0,0
BRDA:743,33,0,0
BRDA:776,34,0,0
BRDA:792,35,0,0
BRDA:804,36,0,0
BRDA:804,36,1,0
BRDA:827,37,0,0
BRDA:827,37,1,0
BRDA:827,38,0,0
BRDA:827,38,1,0
BRDA:833,39,0,0
BRDA:833,39,1,0
BRDA:949,40,0,0
BRDA:949,40,1,0
BRDA:973,41,0,0
BRDA:990,42,0,0
BRDA:990,42,1,0
BRDA:1004,43,0,0
BRDA:1018,44,0,0
BRDA:1024,45,0,0
BRDA:1054,46,0,0
BRDA:1070,47,0,0
BRDA:1070,47,1,0
BRDA:1125,48,0,0
BRDA:1125,48,1,0
BRDA:1135,49,0,0
BRDA:1291,50,0,0
BRDA:1291,50,1,0
BRDA:1328,51,0,0
BRF:78
BRH:0
end_of_record
TN:
SF:app/admin/page.tsx
FN:48,AdminDashboard
FN:63,(anonymous_3)
FN:67,(anonymous_4)
FN:91,(anonymous_5)
FN:92,(anonymous_6)
FN:95,(anonymous_7)
FN:102,(anonymous_8)
FN:104,(anonymous_9)
FN:115,(anonymous_10)
FN:116,(anonymous_11)
FN:117,(anonymous_12)
FN:118,(anonymous_13)
FN:127,(anonymous_14)
FN:138,(anonymous_15)
FN:148,(anonymous_16)
FN:217,(anonymous_17)
FN:237,(anonymous_18)
FN:264,(anonymous_19)
FN:294,(anonymous_20)
FNF:19
FNH:0
FNDA:0,AdminDashboard
FNDA:0,(anonymous_3)
FNDA:0,(anonymous_4)
FNDA:0,(anonymous_5)
FNDA:0,(anonymous_6)
FNDA:0,(anonymous_7)
FNDA:0,(anonymous_8)
FNDA:0,(anonymous_9)
FNDA:0,(anonymous_10)
FNDA:0,(anonymous_11)
FNDA:0,(anonymous_12)
FNDA:0,(anonymous_13)
FNDA:0,(anonymous_14)
FNDA:0,(anonymous_15)
FNDA:0,(anonymous_16)
FNDA:0,(anonymous_17)
FNDA:0,(anonymous_18)
FNDA:0,(anonymous_19)
FNDA:0,(anonymous_20)
DA:3,0
DA:4,0
DA:6,0
DA:18,0
DA:20,0
DA:21,0
DA:48,0
DA:49,0
DA:60,0
DA:61,0
DA:63,0
DA:64,0
DA:67,0
DA:68,0
DA:69,0
DA:77,0
DA:84,0
DA:85,0
DA:86,0
DA:87,0
DA:90,0
DA:91,0
DA:92,0
DA:94,0
DA:96,0
DA:97,0
DA:98,0
DA:102,0
DA:104,0
DA:105,0
DA:106,0
DA:107,0
DA:108,0
DA:111,0
DA:115,0
DA:116,0
DA:117,0
DA:118,0
DA:124,0
DA:127,0
DA:128,0
DA:138,0
DA:139,0
DA:148,0
DA:149,0
DA:152,0
DA:154,0
DA:158,0
DA:189,0
DA:213,0
DA:218,0
DA:238,0
DA:265,0
DA:295,0
LF:54
LH:0
BRDA:84,0,0,0
BRDA:84,0,1,0
BRDA:85,1,0,0
BRDA:85,1,1,0
BRDA:86,2,0,0
BRDA:86,2,1,0
BRDA:87,3,0,0
BRDA:87,3,1,0
BRDA:92,4,0,0
BRDA:92,4,1,0
BRDA:98,5,0,0
BRDA:98,5,1,0
BRDA:98,5,2,0
BRDA:102,6,0,0
BRDA:102,6,1,0
BRDA:131,7,0,0
BRDA:131,7,1,0
BRDA:213,8,0,0
BRDA:273,9,0,0
BRDA:273,9,1,0
BRDA:289,10,0,0
BRDA:297,11,0,0
BRDA:298,12,0,0
BRDA:299,13,0,0
BRDA:300,14,0,0
BRDA:308,15,0,0
BRDA:311,16,0,0
BRDA:311,16,1,0
BRDA:312,17,0,0
BRDA:312,17,1,0
BRDA:313,18,0,0
BRDA:313,18,1,0
BRF:32
BRH:0
end_of_record
TN:
SF:app/admin/analytics/page.tsx
FN:67,AnalyticsPage
FN:81,(anonymous_2)
FN:85,(anonymous_3)
FN:112,(anonymous_4)
FN:113,(anonymous_5)
FN:116,(anonymous_6)
FN:117,(anonymous_7)
FN:120,(anonymous_8)
FN:124,(anonymous_9)
FN:127,(anonymous_10)
FN:128,(anonymous_11)
FN:135,(anonymous_12)
FN:136,(anonymous_13)
FN:140,(anonymous_14)
FN:146,(anonymous_15)
FN:147,(anonymous_16)
FN:148,(anonymous_17)
FN:153,(anonymous_18)
FN:155,(anonymous_19)
FN:172,(anonymous_20)
FN:176,(anonymous_21)
FN:179,(anonymous_22)
FN:185,(anonymous_23)
FN:200,(anonymous_24)
FN:211,(anonymous_25)
FN:212,(anonymous_26)
FN:256,(anonymous_27)
FN:263,(anonymous_28)
FN:400,(anonymous_29)
FN:410,(anonymous_30)
FN:431,(anonymous_31)
FN:463,(anonymous_32)
FN:475,(anonymous_33)
FNF:33
FNH:0
FNDA:0,AnalyticsPage
FNDA:0,(anonymous_2)
FNDA:0,(anonymous_3)
FNDA:0,(anonymous_4)
FNDA:0,(anonymous_5)
FNDA:0,(anonymous_6)
FNDA:0,(anonymous_7)
FNDA:0,(anonymous_8)
FNDA:0,(anonymous_9)
FNDA:0,(anonymous_10)
FNDA:0,(anonymous_11)
FNDA:0,(anonymous_12)
FNDA:0,(anonymous_13)
FNDA:0,(anonymous_14)
FNDA:0,(anonymous_15)
FNDA:0,(anonymous_16)
FNDA:0,(anonymous_17)
FNDA:0,(anonymous_18)
FNDA:0,(anonymous_19)
FNDA:0,(anonymous_20)
FNDA:0,(anonymous_21)
FNDA:0,(anonymous_22)
FNDA:0,(anonymous_23)
FNDA:0,(anonymous_24)
FNDA:0,(anonymous_25)
FNDA:0,(anonymous_26)
FNDA:0,(anonymous_27)
FNDA:0,(anonymous_28)
FNDA:0,(anonymous_29)
FNDA:0,(anonymous_30)
FNDA:0,(anonymous_31)
FNDA:0,(anonymous_32)
FNDA:0,(anonymous_33)
DA:3,0
DA:4,0
DA:5,0
DA:6,0
DA:18,0
DA:19,0
DA:67,0
DA:68,0
DA:78,0
DA:79,0
DA:81,0
DA:82,0
DA:85,0
DA:86,0
DA:87,0
DA:94,0
DA:100,0
DA:101,0
DA:102,0
DA:105,0
DA:106,0
DA:107,0
DA:108,0
DA:109,0
DA:112,0
DA:113,0
DA:115,0
DA:116,0
DA:117,0
DA:119,0
DA:121,0
DA:122,0
DA:124,0
DA:126,0
DA:127,0
DA:128,0
DA:130,0
DA:134,0
DA:135,0
DA:136,0
DA:137,0
DA:138,0
DA:140,0
DA:141,0
DA:145,0
DA:146,0
DA:147,0
DA:148,0
DA:149,0
DA:153,0
DA:154,0
DA:156,0
DA:157,0
DA:159,0
DA:162,0
DA:166,0
DA:167,0
DA:168,0
DA:169,0
DA:171,0
DA:173,0
DA:174,0
DA:176,0
DA:178,0
DA:180,0
DA:181,0
DA:184,0
DA:186,0
DA:187,0
DA:190,0
DA:199,0
DA:200,0
DA:201,0
DA:202,0
DA:203,0
DA:204,0
DA:206,0
DA:207,0
DA:210,0
DA:211,0
DA:212,0
DA:216,0
DA:221,0
DA:250,0
DA:252,0
DA:256,0
DA:257,0
DA:263,0
DA:264,0
DA:267,0
DA:401,0
DA:410,0
DA:432,0
DA:464,0
DA:475,0
LF:95
LH:0
BRDA:100,0,0,0
BRDA:100,0,1,0
BRDA:101,1,0,0
BRDA:101,1,1,0
BRDA:102,2,0,0
BRDA:102,2,1,0
BRDA:122,3,0,0
BRDA:122,3,1,0
BRDA:130,4,0,0
BRDA:130,4,1,0
BRDA:138,5,0,0
BRDA:138,5,1,0
BRDA:141,6,0,0
BRDA:141,6,1,0
BRDA:154,7,0,0
BRDA:154,7,1,0
BRDA:156,8,0,0
BRDA:156,9,0,0
BRDA:156,9,1,0
BRDA:162,10,0,0
BRDA:162,10,1,0
BRDA:174,11,0,0
BRDA:174,11,1,0
BRDA:181,12,0,0
BRDA:181,12,1,0
BRDA:187,13,0,0
BRDA:187,13,1,0
BRDA:201,14,0,0
BRDA:201,14,1,0
BRDA:202,15,0,0
BRDA:202,15,1,0
BRDA:203,16,0,0
BRDA:264,17,0,0
BRDA:264,17,1,0
BRDA:267,18,0,0
BRDA:320,19,0,0
BRDA:324,20,0,0
BRDA:324,20,1,0
BRDA:343,21,0,0
BRDA:347,22,0,0
BRDA:347,22,1,0
BRDA:498,23,0,0
BRDA:498,23,1,0
BRF:43
BRH:0
end_of_record
TN:
SF:app/admin/files/page.tsx
FN:37,FilesPage
FN:46,(anonymous_2)
FN:50,(anonymous_3)
FN:54,(anonymous_4)
FN:71,(anonymous_5)
FN:101,(anonymous_6)
FN:105,(anonymous_7)
FN:113,(anonymous_8)
FN:119,(anonymous_9)
FN:144,(anonymous_10)
FN:165,(anonymous_11)
FN:196,(anonymous_12)
FN:213,(anonymous_13)
FN:237,(anonymous_14)
FN:238,(anonymous_15)
FN:239,(anonymous_16)
FN:316,(anonymous_17)
FN:358,(anonymous_18)
FN:413,(anonymous_19)
FN:434,(anonymous_20)
FN:444,(anonymous_21)
FN:475,FileDetailsDialog
FN:553,(anonymous_23)
FN:563,getStatusBadge
FN:580,formatFileSize
FNF:25
FNH:0
FNDA:0,FilesPage
FNDA:0,(anonymous_2)
FNDA:0,(anonymous_3)
FNDA:0,(anonymous_4)
FNDA:0,(anonymous_5)
FNDA:0,(anonymous_6)
FNDA:0,(anonymous_7)
FNDA:0,(anonymous_8)
FNDA:0,(anonymous_9)
FNDA:0,(anonymous_10)
FNDA:0,(anonymous_11)
FNDA:0,(anonymous_12)
FNDA:0,(anonymous_13)
FNDA:0,(anonymous_14)
FNDA:0,(anonymous_15)
FNDA:0,(anonymous_16)
FNDA:0,(anonymous_17)
FNDA:0,(anonymous_18)
FNDA:0,(anonymous_19)
FNDA:0,(anonymous_20)
FNDA:0,(anonymous_21)
FNDA:0,FileDetailsDialog
FNDA:0,(anonymous_23)
FNDA:0,getStatusBadge
FNDA:0,formatFileSize
DA:3,0
DA:4,0
DA:5,0
DA:6,0
DA:7,0
DA:8,0
DA:9,0
DA:10,0
DA:11,0
DA:24,0
DA:25,0
DA:37,0
DA:38,0
DA:39,0
DA:40,0
DA:41,0
DA:42,0
DA:43,0
DA:44,0
DA:46,0
DA:47,0
DA:50,0
DA:51,0
DA:54,0
DA:55,0
DA:56,0
DA:59,0
DA:67,0
DA:70,0
DA:72,0
DA:85,0
DA:93,0
DA:95,0
DA:97,0
DA:101,0
DA:102,0
DA:104,0
DA:105,0
DA:106,0
DA:112,0
DA:113,0
DA:116,0
DA:119,0
DA:120,0
DA:121,0
DA:123,0
DA:127,0
DA:130,0
DA:131,0
DA:132,0
DA:133,0
DA:134,0
DA:135,0
DA:136,0
DA:137,0
DA:140,0
DA:144,0
DA:145,0
DA:146,0
DA:149,0
DA:150,0
DA:151,0
DA:154,0
DA:159,0
DA:160,0
DA:161,0
DA:165,0
DA:166,0
DA:169,0
DA:173,0
DA:174,0
DA:178,0
DA:183,0
DA:186,0
DA:189,0
DA:190,0
DA:192,0
DA:196,0
DA:197,0
DA:204,0
DA:213,0
DA:214,0
DA:215,0
DA:216,0
DA:217,0
DA:218,0
DA:221,0
DA:236,0
DA:237,0
DA:238,0
DA:239,0
DA:316,0
DA:359,0
DA:413,0
DA:434,0
DA:444,0
DA:553,0
DA:564,0
DA:571,0
DA:581,0
DA:582,0
DA:583,0
DA:584,0
DA:585,0
LF:104
LH:0
BRDA:67,0,0,0
BRDA:71,1,0,0
BRDA:71,1,1,0
BRDA:87,2,0,0
BRDA:87,2,1,0
BRDA:88,3,0,0
BRDA:88,3,1,0
BRDA:104,4,0,0
BRDA:106,5,0,0
BRDA:106,5,1,0
BRDA:106,5,2,0
BRDA:112,6,0,0
BRDA:127,7,0,0
BRDA:145,8,0,0
BRDA:159,9,0,0
BRDA:159,10,0,0
BRDA:159,10,1,0
BRDA:159,11,0,0
BRDA:159,11,1,0
BRDA:159,12,0,0
BRDA:159,12,1,0
BRDA:166,13,0,0
BRDA:173,14,0,0
BRDA:183,15,0,0
BRDA:204,16,0,0
BRDA:204,16,1,0
BRDA:214,17,0,0
BRDA:221,18,0,0
BRDA:377,19,0,0
BRDA:377,19,1,0
BRDA:389,20,0,0
BRDA:392,21,0,0
BRDA:395,22,0,0
BRDA:395,22,1,0
BRDA:422,23,0,0
BRDA:440,24,0,0
BRDA:440,24,1,0
BRDA:459,25,0,0
BRDA:517,26,0,0
BRDA:532,27,0,0
BRDA:538,28,0,0
BRDA:544,29,0,0
BRDA:544,29,1,0
BRDA:571,30,0,0
BRDA:571,30,1,0
BRDA:581,31,0,0
BRF:46
BRH:0
end_of_record
TN:
SF:app/admin/login/page.tsx
FN:13,AdminLoginPage
FN:24,(anonymous_2)
FN:105,(anonymous_3)
FN:120,(anonymous_4)
FN:127,(anonymous_5)
FNF:5
FNH:0
FNDA:0,AdminLoginPage
FNDA:0,(anonymous_2)
FNDA:0,(anonymous_3)
FNDA:0,(anonymous_4)
FNDA:0,(anonymous_5)
DA:3,0
DA:4,0
DA:5,0
DA:6,0
DA:7,0
DA:8,0
DA:9,0
DA:10,0
DA:11,0
DA:13,0
DA:14,0
DA:15,0
DA:16,0
DA:17,0
DA:18,0
DA:20,0
DA:21,0
DA:22,0
DA:24,0
DA:25,0
DA:26,0
DA:27,0
DA:29,0
DA:30,0
DA:35,0
DA:36,0
DA:37,0
DA:40,0
DA:42,0
DA:48,0
DA:49,0
DA:50,0
DA:51,0
DA:54,0
DA:57,0
DA:58,0
DA:60,0
DA:65,0
DA:66,0
DA:67,0
DA:105,0
DA:120,0
DA:127,0
LF:43
LH:0
BRDA:35,0,0,0
BRDA:40,1,0,0
BRDA:48,2,0,0
BRDA:48,3,0,0
BRDA:48,3,1,0
BRDA:66,4,0,0
BRDA:66,5,0,0
BRDA:66,5,1,0
BRDA:90,6,0,0
BRDA:116,7,0,0
BRDA:116,7,1,0
BRDA:130,8,0,0
BRDA:143,9,0,0
BRDA:143,9,1,0
BRF:14
BRH:0
end_of_record
TN:
SF:app/admin/orders/page.tsx
FN:40,OrdersPage
FN:49,(anonymous_2)
FN:53,(anonymous_3)
FN:57,(anonymous_4)
FN:75,(anonymous_5)
FN:97,(anonymous_6)
FN:101,(anonymous_7)
FN:109,(anonymous_8)
FN:115,(anonymous_9)
FN:152,(anonymous_10)
FN:177,(anonymous_11)
FN:235,(anonymous_12)
FN:279,(anonymous_13)
FN:314,(anonymous_14)
FN:337,(anonymous_15)
FN:367,OrderDetailsDialog
FN:371,(anonymous_17)
FN:418,(anonymous_18)
FN:434,(anonymous_19)
FN:453,(anonymous_20)
FN:477,getStatusBadge
FNF:21
FNH:0
FNDA:0,OrdersPage
FNDA:0,(anonymous_2)
FNDA:0,(anonymous_3)
FNDA:0,(anonymous_4)
FNDA:0,(anonymous_5)
FNDA:0,(anonymous_6)
FNDA:0,(anonymous_7)
FNDA:0,(anonymous_8)
FNDA:0,(anonymous_9)
FNDA:0,(anonymous_10)
FNDA:0,(anonymous_11)
FNDA:0,(anonymous_12)
FNDA:0,(anonymous_13)
FNDA:0,(anonymous_14)
FNDA:0,(anonymous_15)
FNDA:0,OrderDetailsDialog
FNDA:0,(anonymous_17)
FNDA:0,(anonymous_18)
FNDA:0,(anonymous_19)
FNDA:0,(anonymous_20)
FNDA:0,getStatusBadge
DA:3,0
DA:4,0
DA:5,0
DA:6,0
DA:7,0
DA:8,0
DA:9,0
DA:10,0
DA:11,0
DA:12,0
DA:25,0
DA:26,0
DA:40,0
DA:41,0
DA:42,0
DA:43,0
DA:44,0
DA:45,0
DA:46,0
DA:47,0
DA:49,0
DA:50,0
DA:53,0
DA:54,0
DA:57,0
DA:58,0
DA:59,0
DA:62,0
DA:71,0
DA:74,0
DA:76,0
DA:82,0
DA:89,0
DA:91,0
DA:93,0
DA:97,0
DA:98,0
DA:100,0
DA:101,0
DA:102,0
DA:108,0
DA:109,0
DA:112,0
DA:115,0
DA:116,0
DA:117,0
DA:118,0
DA:120,0
DA:125,0
DA:126,0
DA:129,0
DA:130,0
DA:131,0
DA:132,0
DA:135,0
DA:140,0
DA:143,0
DA:146,0
DA:148,0
DA:152,0
DA:153,0
DA:154,0
DA:156,0
DA:160,0
DA:163,0
DA:164,0
DA:165,0
DA:166,0
DA:167,0
DA:168,0
DA:169,0
DA:170,0
DA:173,0
DA:177,0
DA:178,0
DA:187,0
DA:196,0
DA:235,0
DA:280,0
DA:314,0
DA:337,0
DA:368,0
DA:369,0
DA:371,0
DA:372,0
DA:373,0
DA:418,0
DA:434,0
DA:453,0
DA:478,0
DA:487,0
LF:91
LH:0
BRDA:71,0,0,0
BRDA:75,1,0,0
BRDA:75,1,1,0
BRDA:84,2,0,0
BRDA:84,2,1,0
BRDA:100,3,0,0
BRDA:102,4,0,0
BRDA:102,4,1,0
BRDA:102,4,2,0
BRDA:108,5,0,0
BRDA:125,6,0,0
BRDA:129,7,0,0
BRDA:129,7,1,0
BRDA:131,8,0,0
BRDA:140,9,0,0
BRDA:160,10,0,0
BRDA:187,11,0,0
BRDA:187,11,1,0
BRDA:196,12,0,0
BRDA:287,13,0,0
BRDA:287,13,1,0
BRDA:294,14,0,0
BRDA:294,14,1,0
BRDA:302,15,0,0
BRDA:302,15,1,0
BRDA:323,16,0,0
BRDA:349,17,0,0
BRDA:369,18,0,0
BRDA:369,18,1,0
BRDA:372,19,0,0
BRDA:425,20,0,0
BRDA:425,20,1,0
BRDA:461,21,0,0
BRDA:461,21,1,0
BRDA:464,22,0,0
BRDA:464,22,1,0
BRDA:487,23,0,0
BRDA:487,23,1,0
BRF:38
BRH:0
end_of_record
TN:
SF:app/admin/print-jobs/page.tsx
FN:46,PrintJobsPage
FN:55,(anonymous_2)
FN:58,(anonymous_3)
FN:61,(anonymous_4)
FN:64,(anonymous_5)
FN:68,(anonymous_6)
FN:86,(anonymous_7)
FN:127,(anonymous_8)
FN:131,(anonymous_9)
FN:139,(anonymous_10)
FN:145,(anonymous_11)
FN:181,(anonymous_12)
FN:202,(anonymous_13)
FN:227,(anonymous_14)
FN:228,(anonymous_15)
FN:278,(anonymous_16)
FN:299,(anonymous_17)
FN:343,(anonymous_18)
FN:389,(anonymous_19)
FN:413,(anonymous_20)
FN:424,(anonymous_21)
FN:454,PrintJobDetailsDialog
FN:458,(anonymous_23)
FN:464,(anonymous_24)
FN:561,(anonymous_25)
FN:580,(anonymous_26)
FN:604,getStatusBadge
FN:625,formatTimeRemaining
FNF:28
FNH:0
FNDA:0,PrintJobsPage
FNDA:0,(anonymous_2)
FNDA:0,(anonymous_3)
FNDA:0,(anonymous_4)
FNDA:0,(anonymous_5)
FNDA:0,(anonymous_6)
FNDA:0,(anonymous_7)
FNDA:0,(anonymous_8)
FNDA:0,(anonymous_9)
FNDA:0,(anonymous_10)
FNDA:0,(anonymous_11)
FNDA:0,(anonymous_12)
FNDA:0,(anonymous_13)
FNDA:0,(anonymous_14)
FNDA:0,(anonymous_15)
FNDA:0,(anonymous_16)
FNDA:0,(anonymous_17)
FNDA:0,(anonymous_18)
FNDA:0,(anonymous_19)
FNDA:0,(anonymous_20)
FNDA:0,(anonymous_21)
FNDA:0,PrintJobDetailsDialog
FNDA:0,(anonymous_23)
FNDA:0,(anonymous_24)
FNDA:0,(anonymous_25)
FNDA:0,(anonymous_26)
FNDA:0,getStatusBadge
FNDA:0,formatTimeRemaining
DA:3,0
DA:4,0
DA:5,0
DA:6,0
DA:7,0
DA:8,0
DA:9,0
DA:10,0
DA:11,0
DA:12,0
DA:13,0
DA:29,0
DA:30,0
DA:46,0
DA:47,0
DA:48,0
DA:49,0
DA:50,0
DA:51,0
DA:52,0
DA:53,0
DA:55,0
DA:56,0
DA:58,0
DA:59,0
DA:61,0
DA:64,0
DA:65,0
DA:68,0
DA:69,0
DA:70,0
DA:73,0
DA:82,0
DA:85,0
DA:87,0
DA:94,0
DA:95,0
DA:97,0
DA:98,0
DA:99,0
DA:100,0
DA:103,0
DA:105,0
DA:106,0
DA:107,0
DA:110,0
DA:119,0
DA:121,0
DA:123,0
DA:127,0
DA:128,0
DA:130,0
DA:131,0
DA:132,0
DA:138,0
DA:139,0
DA:142,0
DA:145,0
DA:146,0
DA:147,0
DA:148,0
DA:150,0
DA:155,0
DA:156,0
DA:159,0
DA:160,0
DA:161,0
DA:162,0
DA:165,0
DA:170,0
DA:172,0
DA:175,0
DA:177,0
DA:181,0
DA:182,0
DA:191,0
DA:192,0
DA:202,0
DA:203,0
DA:204,0
DA:206,0
DA:207,0
DA:209,0
DA:212,0
DA:227,0
DA:228,0
DA:279,0
DA:299,0
DA:344,0
DA:389,0
DA:413,0
DA:424,0
DA:455,0
DA:456,0
DA:458,0
DA:459,0
DA:460,0
DA:464,0
DA:465,0
DA:466,0
DA:468,0
DA:472,0
DA:474,0
DA:475,0
DA:476,0
DA:477,0
DA:478,0
DA:479,0
DA:480,0
DA:481,0
DA:484,0
DA:561,0
DA:580,0
DA:605,0
DA:614,0
DA:615,0
DA:626,0
DA:627,0
DA:629,0
DA:630,0
DA:632,0
LF:121
LH:0
BRDA:82,0,0,0
BRDA:86,1,0,0
BRDA:86,1,1,0
BRDA:97,2,0,0
BRDA:97,2,1,0
BRDA:97,3,0,0
BRDA:97,3,1,0
BRDA:103,4,0,0
BRDA:103,4,1,0
BRDA:106,5,0,0
BRDA:112,6,0,0
BRDA:112,6,1,0
BRDA:130,7,0,0
BRDA:132,8,0,0
BRDA:132,8,1,0
BRDA:132,8,2,0
BRDA:138,9,0,0
BRDA:155,10,0,0
BRDA:159,11,0,0
BRDA:159,11,1,0
BRDA:159,12,0,0
BRDA:159,12,1,0
BRDA:161,13,0,0
BRDA:170,14,0,0
BRDA:191,15,0,0
BRDA:191,15,1,0
BRDA:206,16,0,0
BRDA:212,17,0,0
BRDA:228,18,0,0
BRDA:228,18,1,0
BRDA:279,19,0,0
BRDA:279,19,1,0
BRDA:279,19,2,0
BRDA:350,20,0,0
BRDA:350,20,1,0
BRDA:354,21,0,0
BRDA:354,21,1,0
BRDA:361,22,0,0
BRDA:362,23,0,0
BRDA:362,23,1,0
BRDA:364,24,0,0
BRDA:364,24,1,0
BRDA:368,25,0,0
BRDA:375,26,0,0
BRDA:374,27,0,0
BRDA:374,27,1,0
BRDA:398,28,0,0
BRDA:409,29,0,0
BRDA:420,30,0,0
BRDA:437,31,0,0
BRDA:456,32,0,0
BRDA:456,32,1,0
BRDA:459,33,0,0
BRDA:472,34,0,0
BRDA:521,35,0,0
BRDA:525,36,0,0
BRDA:525,36,1,0
BRDA:527,37,0,0
BRDA:527,37,1,0
BRDA:528,38,0,0
BRDA:552,39,0,0
BRDA:552,39,1,0
BRDA:588,40,0,0
BRDA:588,40,1,0
BRDA:591,41,0,0
BRDA:591,41,1,0
BRDA:614,42,0,0
BRDA:614,42,1,0
BRDA:629,43,0,0
BRF:69
BRH:0
end_of_record
TN:
SF:app/admin/quotes/page.tsx
FN:37,QuotesPage
FN:46,(anonymous_2)
FN:50,(anonymous_3)
FN:54,(anonymous_4)
FN:68,(anonymous_5)
FN:99,(anonymous_6)
FN:103,(anonymous_7)
FN:111,(anonymous_8)
FN:117,(anonymous_9)
FN:134,(anonymous_10)
FN:155,(anonymous_11)
FN:174,(anonymous_12)
FN:194,(anonymous_13)
FN:195,(anonymous_14)
FN:197,(anonymous_15)
FN:198,(anonymous_16)
FN:275,(anonymous_17)
FN:318,(anonymous_18)
FN:367,(anonymous_19)
FN:392,(anonymous_20)
FN:401,(anonymous_21)
FN:433,QuoteDetailsDialog
FN:552,(anonymous_23)
FN:570,(anonymous_24)
FN:590,getStatusBadge
FN:609,isQuoteExpired
FNF:26
FNH:0
FNDA:0,QuotesPage
FNDA:0,(anonymous_2)
FNDA:0,(anonymous_3)
FNDA:0,(anonymous_4)
FNDA:0,(anonymous_5)
FNDA:0,(anonymous_6)
FNDA:0,(anonymous_7)
FNDA:0,(anonymous_8)
FNDA:0,(anonymous_9)
FNDA:0,(anonymous_10)
FNDA:0,(anonymous_11)
FNDA:0,(anonymous_12)
FNDA:0,(anonymous_13)
FNDA:0,(anonymous_14)
FNDA:0,(anonymous_15)
FNDA:0,(anonymous_16)
FNDA:0,(anonymous_17)
FNDA:0,(anonymous_18)
FNDA:0,(anonymous_19)
FNDA:0,(anonymous_20)
FNDA:0,(anonymous_21)
FNDA:0,QuoteDetailsDialog
FNDA:0,(anonymous_23)
FNDA:0,(anonymous_24)
FNDA:0,getStatusBadge
FNDA:0,isQuoteExpired
DA:3,0
DA:4,0
DA:5,0
DA:6,0
DA:7,0
DA:8,0
DA:9,0
DA:10,0
DA:11,0
DA:24,0
DA:25,0
DA:37,0
DA:38,0
DA:39,0
DA:40,0
DA:41,0
DA:42,0
DA:43,0
DA:44,0
DA:46,0
DA:47,0
DA:50,0
DA:51,0
DA:54,0
DA:55,0
DA:56,0
DA:59,0
DA:64,0
DA:67,0
DA:69,0
DA:70,0
DA:83,0
DA:91,0
DA:93,0
DA:95,0
DA:99,0
DA:100,0
DA:102,0
DA:103,0
DA:104,0
DA:110,0
DA:111,0
DA:114,0
DA:117,0
DA:118,0
DA:119,0
DA:120,0
DA:122,0
DA:130,0
DA:133,0
DA:134,0
DA:135,0
DA:136,0
DA:146,0
DA:149,0
DA:151,0
DA:155,0
DA:156,0
DA:163,0
DA:164,0
DA:174,0
DA:175,0
DA:178,0
DA:193,0
DA:194,0
DA:195,0
DA:196,0
DA:197,0
DA:198,0
DA:275,0
DA:319,0
DA:367,0
DA:392,0
DA:401,0
DA:434,0
DA:435,0
DA:552,0
DA:570,0
DA:591,0
DA:598,0
DA:599,0
DA:610,0
LF:82
LH:0
BRDA:64,0,0,0
BRDA:68,1,0,0
BRDA:68,1,1,0
BRDA:85,2,0,0
BRDA:85,2,1,0
BRDA:86,3,0,0
BRDA:86,3,1,0
BRDA:102,4,0,0
BRDA:104,5,0,0
BRDA:104,5,1,0
BRDA:104,5,2,0
BRDA:110,6,0,0
BRDA:130,7,0,0
BRDA:133,8,0,0
BRDA:135,9,0,0
BRDA:163,10,0,0
BRDA:163,10,1,0
BRDA:178,11,0,0
BRDA:319,12,0,0
BRDA:319,12,1,0
BRDA:319,13,0,0
BRDA:319,13,1,0
BRDA:327,14,0,0
BRDA:327,14,1,0
BRDA:335,15,0,0
BRDA:335,15,1,0
BRDA:344,16,0,0
BRDA:344,16,1,0
BRDA:376,17,0,0
BRDA:387,18,0,0
BRDA:387,18,1,0
BRDA:416,19,0,0
BRDA:434,20,0,0
BRDA:434,20,1,0
BRDA:435,21,0,0
BRDA:435,21,1,0
BRDA:479,22,0,0
BRDA:479,22,1,0
BRDA:490,23,0,0
BRDA:490,23,1,0
BRDA:493,24,0,0
BRDA:493,24,1,0
BRDA:496,25,0,0
BRDA:496,25,1,0
BRDA:499,26,0,0
BRDA:499,26,1,0
BRDA:502,27,0,0
BRDA:502,27,1,0
BRDA:505,28,0,0
BRDA:505,28,1,0
BRDA:518,29,0,0
BRDA:518,29,1,0
BRDA:522,30,0,0
BRDA:522,30,1,0
BRDA:526,31,0,0
BRDA:526,31,1,0
BRDA:530,32,0,0
BRDA:530,32,1,0
BRDA:534,33,0,0
BRDA:534,33,1,0
BRDA:538,34,0,0
BRDA:538,34,1,0
BRDA:549,35,0,0
BRDA:549,35,1,0
BRDA:557,36,0,0
BRDA:580,37,0,0
BRDA:580,37,1,0
BRDA:598,38,0,0
BRDA:598,38,1,0
BRF:69
BRH:0
end_of_record
TN:
SF:app/admin/settings/page.tsx
FN:36,AdminSettingsPage
FN:53,(anonymous_2)
FN:57,(anonymous_3)
FN:64,(anonymous_4)
FN:76,(anonymous_5)
FN:182,(anonymous_6)
FN:182,(anonymous_7)
FN:203,(anonymous_8)
FN:203,(anonymous_9)
FN:215,(anonymous_10)
FN:215,(anonymous_11)
FN:282,(anonymous_12)
FN:282,(anonymous_13)
FN:305,(anonymous_14)
FN:305,(anonymous_15)
FN:354,(anonymous_16)
FN:354,(anonymous_17)
FN:366,(anonymous_18)
FN:371,(anonymous_19)
FN:373,(anonymous_20)
FN:378,(anonymous_21)
FN:380,(anonymous_22)
FN:411,(anonymous_23)
FN:411,(anonymous_24)
FN:423,(anonymous_25)
FN:423,(anonymous_26)
FNF:26
FNH:0
FNDA:0,AdminSettingsPage
FNDA:0,(anonymous_2)
FNDA:0,(anonymous_3)
FNDA:0,(anonymous_4)
FNDA:0,(anonymous_5)
FNDA:0,(anonymous_6)
FNDA:0,(anonymous_7)
FNDA:0,(anonymous_8)
FNDA:0,(anonymous_9)
FNDA:0,(anonymous_10)
FNDA:0,(anonymous_11)
FNDA:0,(anonymous_12)
FNDA:0,(anonymous_13)
FNDA:0,(anonymous_14)
FNDA:0,(anonymous_15)
FNDA:0,(anonymous_16)
FNDA:0,(anonymous_17)
FNDA:0,(anonymous_18)
FNDA:0,(anonymous_19)
FNDA:0,(anonymous_20)
FNDA:0,(anonymous_21)
FNDA:0,(anonymous_22)
FNDA:0,(anonymous_23)
FNDA:0,(anonymous_24)
FNDA:0,(anonymous_25)
FNDA:0,(anonymous_26)
DA:3,0
DA:4,0
DA:5,0
DA:6,0
DA:7,0
DA:9,0
DA:10,0
DA:11,0
DA:12,0
DA:22,0
DA:36,0
DA:37,0
DA:49,0
DA:50,0
DA:51,0
DA:53,0
DA:54,0
DA:57,0
DA:58,0
DA:60,0
DA:61,0
DA:63,0
DA:64,0
DA:70,0
DA:72,0
DA:76,0
DA:77,0
DA:78,0
DA:80,0
DA:82,0
DA:88,0
DA:90,0
DA:91,0
DA:93,0
DA:96,0
DA:97,0
DA:99,0
DA:103,0
DA:182,0
DA:203,0
DA:215,0
DA:282,0
DA:305,0
DA:354,0
DA:367,0
DA:372,0
DA:373,0
DA:378,0
DA:380,0
DA:411,0
DA:423,0
LF:51
LH:0
BRDA:63,0,0,0
BRDA:90,1,0,0
BRDA:90,1,1,0
BRDA:93,2,0,0
BRDA:93,2,1,0
BRDA:103,3,0,0
BRDA:129,4,0,0
BRDA:142,5,0,0
BRDA:143,6,0,0
BRDA:143,6,1,0
BRDA:145,7,0,0
BRDA:149,8,0,0
BRDA:149,8,1,0
BRDA:372,9,0,0
BRDA:372,9,1,0
BRF:15
BRH:0
end_of_record
TN:
SF:app/admin/users/page.tsx
FN:40,UsersPage
FN:49,(anonymous_2)
FN:53,(anonymous_3)
FN:57,(anonymous_4)
FN:79,(anonymous_5)
FN:80,(anonymous_6)
FN:81,(anonymous_7)
FN:83,(anonymous_8)
FN:84,(anonymous_9)
FN:87,(anonymous_10)
FN:107,(anonymous_11)
FN:111,(anonymous_12)
FN:119,(anonymous_13)
FN:125,(anonymous_14)
FN:149,(anonymous_15)
FN:166,(anonymous_16)
FN:189,(anonymous_17)
FN:190,(anonymous_18)
FN:191,(anonymous_19)
FN:272,(anonymous_20)
FN:313,(anonymous_21)
FN:372,(anonymous_22)
FN:396,(anonymous_23)
FN:407,(anonymous_24)
FN:439,UserDetailsDialog
FN:440,(anonymous_26)
FN:538,(anonymous_27)
FN:557,(anonymous_28)
FN:581,getRoleBadge
FNF:29
FNH:0
FNDA:0,UsersPage
FNDA:0,(anonymous_2)
FNDA:0,(anonymous_3)
FNDA:0,(anonymous_4)
FNDA:0,(anonymous_5)
FNDA:0,(anonymous_6)
FNDA:0,(anonymous_7)
FNDA:0,(anonymous_8)
FNDA:0,(anonymous_9)
FNDA:0,(anonymous_10)
FNDA:0,(anonymous_11)
FNDA:0,(anonymous_12)
FNDA:0,(anonymous_13)
FNDA:0,(anonymous_14)
FNDA:0,(anonymous_15)
FNDA:0,(anonymous_16)
FNDA:0,(anonymous_17)
FNDA:0,(anonymous_18)
FNDA:0,(anonymous_19)
FNDA:0,(anonymous_20)
FNDA:0,(anonymous_21)
FNDA:0,(anonymous_22)
FNDA:0,(anonymous_23)
FNDA:0,(anonymous_24)
FNDA:0,UserDetailsDialog
FNDA:0,(anonymous_26)
FNDA:0,(anonymous_27)
FNDA:0,(anonymous_28)
FNDA:0,getRoleBadge
DA:3,0
DA:4,0
DA:5,0
DA:6,0
DA:7,0
DA:8,0
DA:9,0
DA:10,0
DA:11,0
DA:25,0
DA:26,0
DA:40,0
DA:41,0
DA:42,0
DA:43,0
DA:44,0
DA:45,0
DA:46,0
DA:47,0
DA:49,0
DA:50,0
DA:53,0
DA:54,0
DA:57,0
DA:58,0
DA:59,0
DA:62,0
DA:67,0
DA:70,0
DA:75,0
DA:76,0
DA:79,0
DA:80,0
DA:81,0
DA:83,0
DA:84,0
DA:86,0
DA:87,0
DA:90,0
DA:99,0
DA:101,0
DA:103,0
DA:107,0
DA:108,0
DA:110,0
DA:111,0
DA:112,0
DA:118,0
DA:119,0
DA:122,0
DA:125,0
DA:126,0
DA:127,0
DA:128,0
DA:130,0
DA:138,0
DA:140,0
DA:143,0
DA:145,0
DA:149,0
DA:150,0
DA:166,0
DA:167,0
DA:173,0
DA:188,0
DA:189,0
DA:190,0
DA:191,0
DA:192,0
DA:193,0
DA:194,0
DA:272,0
DA:314,0
DA:372,0
DA:396,0
DA:407,0
DA:440,0
DA:441,0
DA:538,0
DA:557,0
DA:582,0
LF:81
LH:0
BRDA:67,0,0,0
BRDA:75,1,0,0
BRDA:75,1,1,0
BRDA:76,2,0,0
BRDA:76,2,1,0
BRDA:79,3,0,0
BRDA:79,3,1,0
BRDA:86,4,0,0
BRDA:86,4,1,0
BRDA:110,5,0,0
BRDA:112,6,0,0
BRDA:112,6,1,0
BRDA:112,6,2,0
BRDA:118,7,0,0
BRDA:138,8,0,0
BRDA:150,9,0,0
BRDA:173,10,0,0
BRDA:194,11,0,0
BRDA:194,11,1,0
BRDA:319,12,0,0
BRDA:319,12,1,0
BRDA:323,13,0,0
BRDA:323,13,1,0
BRDA:351,14,0,0
BRDA:381,15,0,0
BRDA:393,16,0,0
BRDA:422,17,0,0
BRDA:463,18,0,0
BRDA:463,18,1,0
BRDA:512,19,0,0
BRDA:512,19,1,0
BRDA:529,20,0,0
BRDA:529,20,1,0
BRDA:537,21,0,0
BRDA:543,22,0,0
BRDA:562,23,0,0
BRDA:582,24,0,0
BRF:37
BRH:0
end_of_record
TN:
SF:app/api/admin/profit-margin/route.ts
FN:4,POST
FN:62,GET
FNF:2
FNH:0
FNDA:0,POST
FNDA:0,GET
DA:1,0
DA:2,0
DA:4,0
DA:5,0
DA:6,0
DA:8,0
DA:9,0
DA:10,0
DA:13,0
DA:19,0
DA:20,0
DA:23,0
DA:24,0
DA:26,0
DA:27,0
DA:32,0
DA:41,0
DA:42,0
DA:48,0
DA:55,0
DA:56,0
DA:62,0
DA:63,0
DA:64,0
DA:66,0
DA:72,0
DA:74,0
DA:81,0
DA:82,0
LF:29
LH:0
BRDA:9,0,0,0
BRDA:9,1,0,0
BRDA:9,1,1,0
BRDA:19,2,0,0
BRDA:26,3,0,0
BRDA:26,4,0,0
BRDA:26,4,1,0
BRDA:26,4,2,0
BRDA:41,5,0,0
BRDA:72,6,0,0
BRDA:72,6,1,0
BRF:11
BRH:0
end_of_record
TN:
SF:app/api/analyze/[fileId]/route.ts
FN:6,POST
FN:72,generateMockAnalysis
FN:74,(anonymous_3)
FNF:3
FNH:0
FNDA:0,POST
FNDA:0,generateMockAnalysis
FNDA:0,(anonymous_3)
DA:1,0
DA:2,0
DA:6,0
DA:10,0
DA:11,0
DA:13,0
DA:14,0
DA:15,0
DA:18,0
DA:21,0
DA:28,0
DA:29,0
DA:32,0
DA:33,0
DA:40,0
DA:43,0
DA:51,0
DA:52,0
DA:53,0
DA:58,0
DA:64,0
DA:65,0
DA:74,0
DA:77,0
DA:79,0
DA:85,0
DA:86,0
DA:88,0
DA:89,0
DA:92,0
DA:93,0
DA:94,0
DA:95,0
DA:96,0
DA:98,0
DA:101,0
DA:103,0
LF:37
LH:0
BRDA:14,0,0,0
BRDA:14,1,0,0
BRDA:14,1,1,0
BRDA:28,2,0,0
BRDA:28,3,0,0
BRDA:28,3,1,0
BRDA:32,4,0,0
BRDA:32,5,0,0
BRDA:32,5,1,0
BRDA:51,6,0,0
BRDA:93,7,0,0
BRDA:93,7,1,0
BRDA:94,8,0,0
BRDA:94,8,1,0
BRDA:95,9,0,0
BRDA:95,9,1,0
BRDA:96,10,0,0
BRDA:98,11,0,0
BRDA:98,11,1,0
BRDA:98,11,2,0
BRDA:101,12,0,0
BRDA:101,12,1,0
BRF:22
BRH:0
end_of_record
TN:
SF:app/api/calculate-cost/route.ts
FN:5,POST
FN:77,calculateCost
FN:151,estimateDelivery
FNF:3
FNH:0
FNDA:0,POST
FNDA:0,calculateCost
FNDA:0,estimateDelivery
DA:1,0
DA:2,0
DA:5,0
DA:6,0
DA:7,0
DA:9,0
DA:10,0
DA:11,0
DA:14,0
DA:15,0
DA:17,0
DA:18,0
DA:24,0
DA:31,0
DA:32,0
DA:35,0
DA:36,0
DA:42,0
DA:49,0
DA:50,0
DA:55,0
DA:56,0
DA:57,0
DA:59,0
DA:70,0
DA:71,0
DA:83,0
DA:91,0
DA:98,0
DA:99,0
DA:100,0
DA:101,0
DA:104,0
DA:105,0
DA:106,0
DA:109,0
DA:114,0
DA:115,0
DA:118,0
DA:121,0
DA:126,0
DA:127,0
DA:130,0
DA:133,0
DA:136,0
DA:138,0
DA:152,0
DA:158,0
DA:160,0
DA:161,0
DA:164,0
LF:51
LH:0
BRDA:10,0,0,0
BRDA:10,1,0,0
BRDA:10,1,1,0
BRDA:17,2,0,0
BRDA:17,3,0,0
BRDA:17,3,1,0
BRDA:31,4,0,0
BRDA:31,5,0,0
BRDA:31,5,1,0
BRDA:35,6,0,0
BRDA:35,7,0,0
BRDA:35,7,1,0
BRDA:49,8,0,0
BRDA:49,9,0,0
BRDA:49,9,1,0
BRDA:105,10,0,0
BRDA:105,10,1,0
BRDA:106,11,0,0
BRDA:106,11,1,0
BRDA:109,12,0,0
BRDA:109,12,1,0
BRDA:109,13,0,0
BRDA:109,13,1,0
BRDA:121,14,0,0
BRDA:121,14,1,0
BRDA:158,15,0,0
BRDA:158,15,1,0
BRDA:160,16,0,0
BRF:28
BRH:0
end_of_record
TN:
SF:app/api/cart/route.ts
FN:5,GET
FN:50,POST
FN:144,DELETE
FNF:3
FNH:0
FNDA:0,GET
FNDA:0,POST
FNDA:0,DELETE
DA:1,0
DA:2,0
DA:5,0
DA:6,0
DA:7,0
DA:9,0
DA:10,0
DA:11,0
DA:14,0
DA:29,0
DA:30,0
DA:31,0
DA:36,0
DA:42,0
DA:43,0
DA:50,0
DA:51,0
DA:52,0
DA:54,0
DA:55,0
DA:56,0
DA:59,0
DA:60,0
DA:62,0
DA:63,0
DA:69,0
DA:76,0
DA:77,0
DA:83,0
DA:90,0
DA:92,0
DA:99,0
DA:100,0
DA:101,0
DA:106,0
DA:113,0
DA:123,0
DA:124,0
DA:125,0
DA:130,0
DA:136,0
DA:137,0
DA:144,0
DA:145,0
DA:146,0
DA:148,0
DA:149,0
DA:150,0
DA:153,0
DA:154,0
DA:156,0
DA:158,0
DA:164,0
DA:165,0
DA:166,0
DA:172,0
DA:177,0
DA:178,0
DA:179,0
DA:185,0
DA:191,0
DA:192,0
LF:62
LH:0
BRDA:10,0,0,0
BRDA:10,1,0,0
BRDA:10,1,1,0
BRDA:29,2,0,0
BRDA:38,3,0,0
BRDA:38,3,1,0
BRDA:55,4,0,0
BRDA:55,5,0,0
BRDA:55,5,1,0
BRDA:60,6,0,0
BRDA:62,7,0,0
BRDA:76,8,0,0
BRDA:76,9,0,0
BRDA:76,9,1,0
BRDA:90,10,0,0
BRDA:99,11,0,0
BRDA:123,12,0,0
BRDA:149,13,0,0
BRDA:149,14,0,0
BRDA:149,14,1,0
BRDA:156,15,0,0
BRDA:156,15,1,0
BRDA:164,16,0,0
BRDA:177,17,0,0
BRDA:187,18,0,0
BRDA:187,18,1,0
BRF:26
BRH:0
end_of_record
TN:
SF:app/api/files/route.ts
FN:4,GET
FNF:1
FNH:0
FNDA:0,GET
DA:1,0
DA:2,0
DA:4,0
DA:5,0
DA:6,0
DA:8,0
DA:9,0
DA:10,0
DA:13,0
DA:19,0
DA:20,0
DA:26,0
DA:32,0
DA:33,0
LF:14
LH:0
BRDA:9,0,0,0
BRDA:9,1,0,0
BRDA:9,1,1,0
BRDA:19,2,0,0
BRF:4
BRH:0
end_of_record
TN:
SF:app/api/generate-quote/route.ts
FN:5,POST
FN:113,calculateCost
FN:187,estimateDelivery
FN:203,generateQuoteNumber
FNF:4
FNH:0
FNDA:0,POST
FNDA:0,calculateCost
FNDA:0,estimateDelivery
FNDA:0,generateQuoteNumber
DA:1,0
DA:2,0
DA:5,0
DA:6,0
DA:7,0
DA:9,0
DA:10,0
DA:11,0
DA:14,0
DA:15,0
DA:17,0
DA:18,0
DA:24,0
DA:31,0
DA:32,0
DA:35,0
DA:36,0
DA:42,0
DA:49,0
DA:50,0
DA:55,0
DA:56,0
DA:57,0
DA:60,0
DA:63,0
DA:64,0
DA:67,0
DA:83,0
DA:84,0
DA:85,0
DA:90,0
DA:106,0
DA:107,0
DA:119,0
DA:127,0
DA:134,0
DA:135,0
DA:136,0
DA:137,0
DA:140,0
DA:141,0
DA:142,0
DA:145,0
DA:150,0
DA:151,0
DA:154,0
DA:157,0
DA:162,0
DA:163,0
DA:166,0
DA:169,0
DA:172,0
DA:174,0
DA:188,0
DA:194,0
DA:196,0
DA:197,0
DA:200,0
DA:204,0
DA:205,0
DA:206,0
DA:207,0
LF:62
LH:0
BRDA:10,0,0,0
BRDA:10,1,0,0
BRDA:10,1,1,0
BRDA:17,2,0,0
BRDA:17,3,0,0
BRDA:17,3,1,0
BRDA:31,4,0,0
BRDA:31,5,0,0
BRDA:31,5,1,0
BRDA:35,6,0,0
BRDA:35,7,0,0
BRDA:35,7,1,0
BRDA:49,8,0,0
BRDA:49,9,0,0
BRDA:49,9,1,0
BRDA:83,10,0,0
BRDA:141,11,0,0
BRDA:141,11,1,0
BRDA:142,12,0,0
BRDA:142,12,1,0
BRDA:145,13,0,0
BRDA:145,13,1,0
BRDA:145,14,0,0
BRDA:145,14,1,0
BRDA:157,15,0,0
BRDA:157,15,1,0
BRDA:194,16,0,0
BRDA:194,16,1,0
BRDA:196,17,0,0
BRF:29
BRH:0
end_of_record
TN:
SF:app/api/health/route.ts
FN:3,GET
FNF:1
FNH:0
FNDA:0,GET
DA:1,0
DA:3,0
DA:4,0
DA:6,0
DA:14,0
DA:16,0
LF:6
LH:0
BRDA:11,0,0,0
BRDA:11,0,1,0
BRF:2
BRH:0
end_of_record
TN:
SF:app/api/materials/route.ts
FN:4,GET
FNF:1
FNH:0
FNDA:0,GET
DA:1,0
DA:2,0
DA:4,0
DA:5,0
DA:6,0
DA:8,0
DA:14,0
DA:15,0
DA:16,0
DA:21,0
DA:27,0
DA:28,0
LF:12
LH:0
BRDA:14,0,0,0
BRDA:23,1,0,0
BRDA:23,1,1,0
BRF:3
BRH:0
end_of_record
TN:
SF:app/api/orders/route.ts
FN:6,GET
FN:71,POST
FN:111,(anonymous_5)
FN:143,(anonymous_6)
FN:200,generateOrderNumber
FN:207,calculateEstimatedDelivery
FN:209,(anonymous_9)
FNF:7
FNH:0
FNDA:0,GET
FNDA:0,POST
FNDA:0,(anonymous_5)
FNDA:0,(anonymous_6)
FNDA:0,generateOrderNumber
FNDA:0,calculateEstimatedDelivery
FNDA:0,(anonymous_9)
DA:1,0
DA:2,0
DA:6,0
DA:7,0
DA:8,0
DA:10,0
DA:11,0
DA:12,0
DA:15,0
DA:16,0
DA:17,0
DA:18,0
DA:20,0
DA:38,0
DA:39,0
DA:42,0
DA:45,0
DA:46,0
DA:47,0
DA:52,0
DA:63,0
DA:64,0
DA:71,0
DA:72,0
DA:73,0
DA:75,0
DA:76,0
DA:77,0
DA:80,0
DA:81,0
DA:83,0
DA:84,0
DA:90,0
DA:104,0
DA:105,0
DA:111,0
DA:112,0
DA:116,0
DA:119,0
DA:135,0
DA:136,0
DA:137,0
DA:143,0
DA:154,0
DA:158,0
DA:159,0
DA:161,0
DA:162,0
DA:168,0
DA:174,0
DA:183,0
DA:193,0
DA:194,0
DA:201,0
DA:202,0
DA:203,0
DA:204,0
DA:209,0
DA:211,0
DA:212,0
DA:214,0
LF:61
LH:0
BRDA:11,0,0,0
BRDA:11,1,0,0
BRDA:11,1,1,0
BRDA:16,2,0,0
BRDA:16,2,1,0
BRDA:17,3,0,0
BRDA:17,3,1,0
BRDA:38,4,0,0
BRDA:45,5,0,0
BRDA:54,6,0,0
BRDA:54,6,1,0
BRDA:58,7,0,0
BRDA:58,7,1,0
BRDA:76,8,0,0
BRDA:76,9,0,0
BRDA:76,9,1,0
BRDA:83,10,0,0
BRDA:83,11,0,0
BRDA:83,11,1,0
BRDA:104,12,0,0
BRDA:104,13,0,0
BRDA:104,13,1,0
BRDA:104,13,2,0
BRDA:135,14,0,0
BRDA:158,15,0,0
BRF:25
BRH:0
end_of_record
TN:
SF:app/api/quotes/route.ts
FN:4,GET
FNF:1
FNH:0
FNDA:0,GET
DA:1,0
DA:2,0
DA:4,0
DA:5,0
DA:6,0
DA:8,0
DA:9,0
DA:10,0
DA:13,0
DA:26,0
DA:27,0
DA:33,0
DA:39,0
DA:40,0
LF:14
LH:0
BRDA:9,0,0,0
BRDA:9,1,0,0
BRDA:9,1,1,0
BRDA:26,2,0,0
BRF:4
BRH:0
end_of_record
TN:
SF:app/api/upload/route.ts
FN:11,POST
FNF:1
FNH:0
FNDA:0,POST
DA:1,0
DA:2,0
DA:3,0
DA:4,0
DA:5,0
DA:8,0
DA:9,0
DA:11,0
DA:12,0
DA:13,0
DA:16,0
DA:17,0
DA:18,0
DA:21,0
DA:22,0
DA:24,0
DA:25,0
DA:29,0
DA:30,0
DA:31,0
DA:36,0
DA:37,0
DA:43,0
DA:44,0
DA:45,0
DA:46,0
DA:49,0
DA:50,0
DA:54,0
DA:55,0
DA:58,0
DA:74,0
DA:75,0
DA:76,0
DA:81,0
DA:87,0
DA:88,0
LF:37
LH:0
BRDA:17,0,0,0
BRDA:17,1,0,0
BRDA:17,1,1,0
BRDA:24,2,0,0
BRDA:30,3,0,0
BRDA:36,4,0,0
BRDA:49,5,0,0
BRDA:74,6,0,0
BRF:8
BRH:0
end_of_record
TN:
SF:app/auth/callback/route.ts
FN:4,GET
FNF:1
FNH:0
FNDA:0,GET
DA:1,0
DA:2,0
DA:4,0
DA:5,0
DA:6,0
DA:7,0
DA:9,0
DA:10,0
DA:11,0
DA:12,0
DA:16,0
LF:11
LH:0
BRDA:7,0,0,0
BRDA:7,0,1,0
BRDA:9,1,0,0
BRDA:11,2,0,0
BRF:4
BRH:0
end_of_record
TN:
SF:app/cart/page.tsx
FN:32,CartPage
FN:74,(anonymous_3)
FN:75,(anonymous_4)
FN:77,(anonymous_5)
FN:79,(anonymous_6)
FN:83,(anonymous_7)
FN:84,(anonymous_8)
FN:84,(anonymous_9)
FN:87,(anonymous_10)
FN:101,(anonymous_11)
FN:102,(anonymous_12)
FN:180,(anonymous_13)
FN:231,(anonymous_14)
FN:240,(anonymous_15)
FN:278,(anonymous_16)
FN:343,(anonymous_17)
FN:352,(anonymous_18)
FN:391,(anonymous_19)
FN:407,(anonymous_20)
FN:420,(anonymous_21)
FN:425,(anonymous_22)
FN:448,(anonymous_23)
FNF:22
FNH:0
FNDA:0,CartPage
FNDA:0,(anonymous_3)
FNDA:0,(anonymous_4)
FNDA:0,(anonymous_5)
FNDA:0,(anonymous_6)
FNDA:0,(anonymous_7)
FNDA:0,(anonymous_8)
FNDA:0,(anonymous_9)
FNDA:0,(anonymous_10)
FNDA:0,(anonymous_11)
FNDA:0,(anonymous_12)
FNDA:0,(anonymous_13)
FNDA:0,(anonymous_14)
FNDA:0,(anonymous_15)
FNDA:0,(anonymous_16)
FNDA:0,(anonymous_17)
FNDA:0,(anonymous_18)
FNDA:0,(anonymous_19)
FNDA:0,(anonymous_20)
FNDA:0,(anonymous_21)
FNDA:0,(anonymous_22)
FNDA:0,(anonymous_23)
DA:3,0
DA:4,0
DA:5,0
DA:6,0
DA:7,0
DA:8,0
DA:9,0
DA:10,0
DA:30,0
DA:32,0
DA:33,0
DA:70,0
DA:71,0
DA:72,0
DA:74,0
DA:75,0
DA:76,0
DA:77,0
DA:79,0
DA:83,0
DA:84,0
DA:87,0
DA:88,0
DA:94,0
DA:95,0
DA:96,0
DA:97,0
DA:101,0
DA:102,0
DA:103,0
DA:104,0
DA:105,0
DA:106,0
DA:108,0
DA:181,0
DA:231,0
DA:241,0
DA:278,0
DA:343,0
DA:352,0
DA:392,0
DA:393,0
DA:407,0
DA:421,0
DA:425,0
DA:449,0
LF:46
LH:0
BRDA:76,0,0,0
BRDA:79,1,0,0
BRDA:79,1,1,0
BRDA:94,2,0,0
BRDA:104,3,0,0
BRDA:104,3,1,0
BRDA:108,4,0,0
BRDA:225,5,0,0
BRDA:225,5,1,0
BRDA:249,6,0,0
BRDA:249,6,1,0
BRDA:258,7,0,0
BRDA:263,8,0,0
BRDA:268,9,0,0
BRDA:333,10,0,0
BRDA:378,11,0,0
BRDA:451,12,0,0
BRDA:451,12,1,0
BRDA:473,13,0,0
BRDA:480,14,0,0
BRDA:489,15,0,0
BRDA:489,15,1,0
BRDA:490,16,0,0
BRDA:490,16,1,0
BRDA:507,17,0,0
BRF:25
BRH:0
end_of_record
TN:
SF:app/checkout/page.tsx
FN:16,CheckoutPage
FN:62,(anonymous_3)
FN:67,(anonymous_4)
FN:72,(anonymous_5)
FN:82,(anonymous_6)
FN:86,(anonymous_7)
FN:192,(anonymous_8)
FN:230,(anonymous_9)
FN:230,(anonymous_10)
FN:239,(anonymous_11)
FN:239,(anonymous_12)
FN:252,(anonymous_13)
FN:252,(anonymous_14)
FN:261,(anonymous_15)
FN:261,(anonymous_16)
FN:272,(anonymous_17)
FN:272,(anonymous_18)
FN:284,(anonymous_19)
FN:284,(anonymous_20)
FN:292,(anonymous_21)
FN:292,(anonymous_22)
FN:311,(anonymous_23)
FN:311,(anonymous_24)
FN:321,(anonymous_25)
FN:322,(anonymous_26)
FN:329,(anonymous_27)
FN:349,(anonymous_28)
FN:349,(anonymous_29)
FN:364,(anonymous_30)
FN:364,(anonymous_31)
FN:373,(anonymous_32)
FN:373,(anonymous_33)
FN:383,(anonymous_34)
FN:383,(anonymous_35)
FN:392,(anonymous_36)
FN:392,(anonymous_37)
FN:405,(anonymous_38)
FN:405,(anonymous_39)
FN:434,(anonymous_40)
FN:438,(anonymous_41)
FN:497,(anonymous_42)
FN:517,(anonymous_43)
FN:540,(anonymous_44)
FNF:43
FNH:0
FNDA:0,CheckoutPage
FNDA:0,(anonymous_3)
FNDA:0,(anonymous_4)
FNDA:0,(anonymous_5)
FNDA:0,(anonymous_6)
FNDA:0,(anonymous_7)
FNDA:0,(anonymous_8)
FNDA:0,(anonymous_9)
FNDA:0,(anonymous_10)
FNDA:0,(anonymous_11)
FNDA:0,(anonymous_12)
FNDA:0,(anonymous_13)
FNDA:0,(anonymous_14)
FNDA:0,(anonymous_15)
FNDA:0,(anonymous_16)
FNDA:0,(anonymous_17)
FNDA:0,(anonymous_18)
FNDA:0,(anonymous_19)
FNDA:0,(anonymous_20)
FNDA:0,(anonymous_21)
FNDA:0,(anonymous_22)
FNDA:0,(anonymous_23)
FNDA:0,(anonymous_24)
FNDA:0,(anonymous_25)
FNDA:0,(anonymous_26)
FNDA:0,(anonymous_27)
FNDA:0,(anonymous_28)
FNDA:0,(anonymous_29)
FNDA:0,(anonymous_30)
FNDA:0,(anonymous_31)
FNDA:0,(anonymous_32)
FNDA:0,(anonymous_33)
FNDA:0,(anonymous_34)
FNDA:0,(anonymous_35)
FNDA:0,(anonymous_36)
FNDA:0,(anonymous_37)
FNDA:0,(anonymous_38)
FNDA:0,(anonymous_39)
FNDA:0,(anonymous_40)
FNDA:0,(anonymous_41)
FNDA:0,(anonymous_42)
FNDA:0,(anonymous_43)
FNDA:0,(anonymous_44)
DA:3,0
DA:4,0
DA:5,0
DA:6,0
DA:7,0
DA:8,0
DA:9,0
DA:10,0
DA:11,0
DA:12,0
DA:13,0
DA:14,0
DA:16,0
DA:17,0
DA:18,0
DA:19,0
DA:20,0
DA:21,0
DA:23,0
DA:35,0
DA:45,0
DA:62,0
DA:63,0
DA:64,0
DA:65,0
DA:67,0
DA:68,0
DA:69,0
DA:70,0
DA:71,0
DA:72,0
DA:82,0
DA:83,0
DA:86,0
DA:89,0
DA:90,0
DA:93,0
DA:106,0
DA:107,0
DA:108,0
DA:110,0
DA:111,0
DA:114,0
DA:193,0
DA:230,0
DA:239,0
DA:252,0
DA:261,0
DA:272,0
DA:284,0
DA:292,0
DA:311,0
DA:322,0
DA:329,0
DA:349,0
DA:364,0
DA:373,0
DA:383,0
DA:392,0
DA:405,0
DA:434,0
DA:438,0
DA:498,0
DA:517,0
DA:541,0
LF:65
LH:0
BRDA:69,0,0,0
BRDA:74,1,0,0
BRDA:74,1,1,0
BRDA:75,2,0,0
BRDA:75,2,1,0
BRDA:76,3,0,0
BRDA:76,3,1,0
BRDA:77,4,0,0
BRDA:77,4,1,0
BRDA:106,5,0,0
BRDA:106,5,1,0
BRDA:114,6,0,0
BRDA:196,7,0,0
BRDA:196,7,1,0
BRDA:203,8,0,0
BRDA:203,8,1,0
BRDA:206,9,0,0
BRDA:215,10,0,0
BRDA:338,11,0,0
BRDA:448,12,0,0
BRDA:482,13,0,0
BRDA:485,14,0,0
BRDA:486,15,0,0
BRDA:500,16,0,0
BRDA:500,16,1,0
BRDA:525,17,0,0
BRDA:525,17,1,0
BRDA:543,18,0,0
BRDA:543,18,1,0
BRF:29
BRH:0
end_of_record
TN:
SF:app/contact/page.tsx
FN:33,ContactPage
FN:45,(anonymous_3)
FN:49,(anonymous_4)
FN:63,(anonymous_5)
FN:64,(anonymous_6)
FN:118,(anonymous_7)
FN:261,(anonymous_8)
FN:275,(anonymous_9)
FN:292,(anonymous_10)
FN:304,(anonymous_11)
FN:314,(anonymous_12)
FN:352,(anonymous_13)
FN:366,(anonymous_14)
FN:437,(anonymous_15)
FNF:14
FNH:0
FNDA:0,ContactPage
FNDA:0,(anonymous_3)
FNDA:0,(anonymous_4)
FNDA:0,(anonymous_5)
FNDA:0,(anonymous_6)
FNDA:0,(anonymous_7)
FNDA:0,(anonymous_8)
FNDA:0,(anonymous_9)
FNDA:0,(anonymous_10)
FNDA:0,(anonymous_11)
FNDA:0,(anonymous_12)
FNDA:0,(anonymous_13)
FNDA:0,(anonymous_14)
FNDA:0,(anonymous_15)
DA:5,0
DA:6,0
DA:7,0
DA:8,0
DA:9,0
DA:10,0
DA:11,0
DA:12,0
DA:13,0
DA:31,0
DA:33,0
DA:34,0
DA:35,0
DA:45,0
DA:46,0
DA:47,0
DA:49,0
DA:50,0
DA:52,0
DA:63,0
DA:64,0
DA:119,0
DA:261,0
DA:275,0
DA:292,0
DA:304,0
DA:314,0
DA:352,0
DA:366,0
DA:438,0
LF:30
LH:0
BRDA:380,0,0,0
BRF:1
BRH:0
end_of_record
TN:
SF:app/login/page.tsx
FN:20,LoginPage
FN:30,(anonymous_3)
FN:36,(anonymous_4)
FN:63,(anonymous_5)
FN:68,(anonymous_6)
FN:77,(anonymous_7)
FN:150,(anonymous_8)
FN:178,(anonymous_9)
FN:210,(anonymous_10)
FN:224,(anonymous_11)
FN:300,(anonymous_12)
FN:400,(anonymous_13)
FNF:12
FNH:0
FNDA:0,LoginPage
FNDA:0,(anonymous_3)
FNDA:0,(anonymous_4)
FNDA:0,(anonymous_5)
FNDA:0,(anonymous_6)
FNDA:0,(anonymous_7)
FNDA:0,(anonymous_8)
FNDA:0,(anonymous_9)
FNDA:0,(anonymous_10)
FNDA:0,(anonymous_11)
FNDA:0,(anonymous_12)
FNDA:0,(anonymous_13)
DA:5,0
DA:6,0
DA:7,0
DA:8,0
DA:9,0
DA:10,0
DA:11,0
DA:12,0
DA:13,0
DA:14,0
DA:15,0
DA:17,0
DA:18,0
DA:20,0
DA:21,0
DA:22,0
DA:23,0
DA:24,0
DA:25,0
DA:27,0
DA:28,0
DA:30,0
DA:31,0
DA:32,0
DA:36,0
DA:37,0
DA:38,0
DA:39,0
DA:41,0
DA:42,0
DA:43,0
DA:46,0
DA:47,0
DA:49,0
DA:50,0
DA:51,0
DA:52,0
DA:54,0
DA:57,0
DA:58,0
DA:60,0
DA:61,0
DA:62,0
DA:63,0
DA:64,0
DA:65,0
DA:68,0
DA:69,0
DA:74,0
DA:77,0
DA:78,0
DA:79,0
DA:80,0
DA:81,0
DA:85,0
DA:151,0
DA:179,0
DA:210,0
DA:224,0
DA:300,0
DA:400,0
LF:61
LH:0
BRDA:31,0,0,0
BRDA:31,1,0,0
BRDA:31,1,1,0
BRDA:46,2,0,0
BRDA:46,2,1,0
BRDA:57,3,0,0
BRDA:57,3,1,0
BRDA:61,4,0,0
BRDA:61,4,1,0
BRDA:80,5,0,0
BRDA:85,6,0,0
BRDA:258,7,0,0
BRDA:290,8,0,0
BRDA:290,8,1,0
BRDA:303,9,0,0
BRDA:327,10,0,0
BRDA:390,11,0,0
BRDA:390,11,1,0
BRDA:403,12,0,0
BRDA:441,13,0,0
BRDA:456,14,0,0
BRDA:460,15,0,0
BRDA:460,15,1,0
BRF:23
BRH:0
end_of_record
TN:
SF:app/marketplace/page.tsx
FN:17,(anonymous_2)
FN:23,(anonymous_3)
FN:34,(anonymous_4)
FN:106,MarketplacePage
FN:126,(anonymous_6)
FN:129,(anonymous_7)
FN:137,(anonymous_8)
FN:141,(anonymous_9)
FN:143,(anonymous_10)
FN:152,(anonymous_11)
FN:156,(anonymous_12)
FN:160,(anonymous_13)
FN:161,(anonymous_14)
FN:161,(anonymous_15)
FN:164,(anonymous_16)
FN:165,(anonymous_17)
FN:225,(anonymous_18)
FN:242,(anonymous_19)
FN:253,(anonymous_20)
FN:297,(anonymous_21)
FN:313,(anonymous_22)
FN:325,(anonymous_23)
FN:370,(anonymous_24)
FN:375,(anonymous_25)
FN:398,(anonymous_26)
FN:416,(anonymous_27)
FN:428,(anonymous_28)
FN:448,(anonymous_29)
FN:455,(anonymous_30)
FN:468,(anonymous_31)
FN:482,(anonymous_32)
FN:502,(anonymous_33)
FN:523,(anonymous_34)
FN:645,(anonymous_35)
FNF:34
FNH:0
FNDA:0,(anonymous_2)
FNDA:0,(anonymous_3)
FNDA:0,(anonymous_4)
FNDA:0,MarketplacePage
FNDA:0,(anonymous_6)
FNDA:0,(anonymous_7)
FNDA:0,(anonymous_8)
FNDA:0,(anonymous_9)
FNDA:0,(anonymous_10)
FNDA:0,(anonymous_11)
FNDA:0,(anonymous_12)
FNDA:0,(anonymous_13)
FNDA:0,(anonymous_14)
FNDA:0,(anonymous_15)
FNDA:0,(anonymous_16)
FNDA:0,(anonymous_17)
FNDA:0,(anonymous_18)
FNDA:0,(anonymous_19)
FNDA:0,(anonymous_20)
FNDA:0,(anonymous_21)
FNDA:0,(anonymous_22)
FNDA:0,(anonymous_23)
FNDA:0,(anonymous_24)
FNDA:0,(anonymous_25)
FNDA:0,(anonymous_26)
FNDA:0,(anonymous_27)
FNDA:0,(anonymous_28)
FNDA:0,(anonymous_29)
FNDA:0,(anonymous_30)
FNDA:0,(anonymous_31)
FNDA:0,(anonymous_32)
FNDA:0,(anonymous_33)
FNDA:0,(anonymous_34)
FNDA:0,(anonymous_35)
DA:3,0
DA:4,0
DA:5,0
DA:6,0
DA:7,0
DA:8,0
DA:9,0
DA:10,0
DA:11,0
DA:12,0
DA:13,0
DA:14,0
DA:15,0
DA:17,0
DA:18,0
DA:19,0
DA:20,0
DA:21,0
DA:23,0
DA:24,0
DA:25,0
DA:26,0
DA:27,0
DA:28,0
DA:29,0
DA:30,0
DA:31,0
DA:32,0
DA:33,0
DA:34,0
DA:35,0
DA:37,0
DA:46,0
DA:67,0
DA:106,0
DA:107,0
DA:108,0
DA:109,0
DA:110,0
DA:111,0
DA:112,0
DA:113,0
DA:114,0
DA:115,0
DA:116,0
DA:117,0
DA:118,0
DA:120,0
DA:121,0
DA:126,0
DA:127,0
DA:128,0
DA:129,0
DA:130,0
DA:131,0
DA:134,0
DA:137,0
DA:138,0
DA:140,0
DA:141,0
DA:142,0
DA:143,0
DA:144,0
DA:146,0
DA:147,0
DA:152,0
DA:153,0
DA:154,0
DA:155,0
DA:156,0
DA:157,0
DA:160,0
DA:161,0
DA:164,0
DA:165,0
DA:166,0
DA:167,0
DA:168,0
DA:170,0
DA:172,0
DA:226,0
DA:242,0
DA:254,0
DA:297,0
DA:313,0
DA:325,0
DA:371,0
DA:375,0
DA:399,0
DA:417,0
DA:418,0
DA:419,0
DA:420,0
DA:428,0
DA:449,0
DA:455,0
DA:468,0
DA:483,0
DA:503,0
DA:523,0
DA:646,0
DA:647,0
DA:648,0
DA:649,0
LF:104
LH:0
BRDA:50,0,0,0
BRDA:50,0,1,0
BRDA:127,1,0,0
BRDA:128,2,0,0
BRDA:130,3,0,0
BRDA:130,4,0,0
BRDA:130,4,1,0
BRDA:134,5,0,0
BRDA:138,6,0,0
BRDA:138,7,0,0
BRDA:138,7,1,0
BRDA:146,8,0,0
BRDA:154,9,0,0
BRDA:154,9,1,0
BRDA:155,10,0,0
BRDA:155,10,1,0
BRDA:156,11,0,0
BRDA:156,11,1,0
BRDA:157,12,0,0
BRDA:157,12,1,0
BRDA:157,12,2,0
BRDA:157,12,3,0
BRDA:161,13,0,0
BRDA:161,13,1,0
BRDA:167,14,0,0
BRDA:167,14,1,0
BRDA:259,15,0,0
BRDA:259,15,1,0
BRDA:302,16,0,0
BRDA:302,16,1,0
BRDA:302,16,2,0
BRDA:304,17,0,0
BRDA:304,17,1,0
BRDA:304,18,0,0
BRDA:304,18,1,0
BRDA:311,19,0,0
BRDA:311,19,1,0
BRDA:315,20,0,0
BRDA:315,20,1,0
BRDA:323,21,0,0
BRDA:323,21,1,0
BRDA:327,22,0,0
BRDA:327,22,1,0
BRDA:339,23,0,0
BRDA:444,24,0,0
BRDA:444,24,1,0
BRDA:444,24,2,0
BRDA:461,25,0,0
BRDA:481,26,0,0
BRDA:481,26,1,0
BRDA:485,27,0,0
BRDA:485,27,1,0
BRDA:487,28,0,0
BRDA:487,28,1,0
BRDA:490,29,0,0
BRDA:490,29,1,0
BRDA:491,30,0,0
BRDA:491,30,1,0
BRDA:493,31,0,0
BRDA:493,31,1,0
BRDA:497,32,0,0
BRDA:497,32,1,0
BRDA:507,33,0,0
BRDA:525,34,0,0
BRDA:525,34,1,0
BRDA:530,35,0,0
BRDA:530,35,1,0
BRDA:533,36,0,0
BRDA:542,37,0,0
BRDA:542,37,1,0
BRDA:579,38,0,0
BRDA:615,39,0,0
BRDA:625,40,0,0
BRDA:625,40,1,0
BRDA:635,41,0,0
BRF:75
BRH:0
end_of_record
TN:
SF:app/orders/page.tsx
FN:80,OrdersPage
FN:87,(anonymous_3)
FN:100,(anonymous_4)
FN:115,(anonymous_5)
FN:130,(anonymous_6)
FN:133,(anonymous_7)
FN:179,(anonymous_8)
FN:202,(anonymous_9)
FN:224,(anonymous_10)
FN:235,(anonymous_11)
FNF:10
FNH:0
FNDA:0,OrdersPage
FNDA:0,(anonymous_3)
FNDA:0,(anonymous_4)
FNDA:0,(anonymous_5)
FNDA:0,(anonymous_6)
FNDA:0,(anonymous_7)
FNDA:0,(anonymous_8)
FNDA:0,(anonymous_9)
FNDA:0,(anonymous_10)
FNDA:0,(anonymous_11)
DA:3,0
DA:4,0
DA:6,0
DA:7,0
DA:8,0
DA:9,0
DA:10,0
DA:25,0
DA:27,0
DA:80,0
DA:81,0
DA:82,0
DA:83,0
DA:84,0
DA:85,0
DA:87,0
DA:88,0
DA:89,0
DA:90,0
DA:94,0
DA:95,0
DA:96,0
DA:100,0
DA:101,0
DA:103,0
DA:105,0
DA:107,0
DA:109,0
DA:111,0
DA:115,0
DA:116,0
DA:130,0
DA:132,0
DA:133,0
DA:134,0
DA:135,0
DA:138,0
DA:179,0
DA:203,0
DA:224,0
DA:236,0
LF:41
LH:0
BRDA:89,0,0,0
BRDA:95,1,0,0
BRDA:101,2,0,0
BRDA:101,2,1,0
BRDA:101,2,2,0
BRDA:101,2,3,0
BRDA:101,2,4,0
BRDA:132,3,0,0
BRDA:132,3,1,0
BRDA:134,4,0,0
BRDA:134,4,1,0
BRDA:135,5,0,0
BRDA:135,5,1,0
BRDA:138,6,0,0
BRDA:252,7,0,0
BRDA:258,8,0,0
BRDA:262,9,0,0
BRDA:262,9,1,0
BRDA:263,10,0,0
BRDA:263,10,1,0
BRDA:273,11,0,0
BRDA:279,12,0,0
BRDA:288,13,0,0
BRDA:302,14,0,0
BRDA:308,15,0,0
BRDA:308,15,1,0
BRDA:308,16,0,0
BRDA:308,16,1,0
BRF:28
BRH:0
end_of_record
TN:
SF:app/product/[id]/page.tsx
FN:75,ProductPage
FN:97,(anonymous_3)
FN:98,(anonymous_4)
FN:99,(anonymous_5)
FN:130,(anonymous_6)
FN:133,(anonymous_7)
FN:156,(anonymous_8)
FN:200,(anonymous_9)
FN:229,(anonymous_10)
FN:255,(anonymous_11)
FN:268,(anonymous_12)
FN:360,(anonymous_13)
FN:378,(anonymous_14)
FN:389,(anonymous_15)
FN:392,(anonymous_16)
FN:441,(anonymous_17)
FN:446,(anonymous_18)
FNF:17
FNH:0
FNDA:0,ProductPage
FNDA:0,(anonymous_3)
FNDA:0,(anonymous_4)
FNDA:0,(anonymous_5)
FNDA:0,(anonymous_6)
FNDA:0,(anonymous_7)
FNDA:0,(anonymous_8)
FNDA:0,(anonymous_9)
FNDA:0,(anonymous_10)
FNDA:0,(anonymous_11)
FNDA:0,(anonymous_12)
FNDA:0,(anonymous_13)
FNDA:0,(anonymous_14)
FNDA:0,(anonymous_15)
FNDA:0,(anonymous_16)
FNDA:0,(anonymous_17)
FNDA:0,(anonymous_18)
DA:3,0
DA:4,0
DA:5,0
DA:21,0
DA:22,0
DA:23,0
DA:24,0
DA:25,0
DA:26,0
DA:27,0
DA:28,0
DA:29,0
DA:30,0
DA:33,0
DA:75,0
DA:76,0
DA:77,0
DA:78,0
DA:79,0
DA:80,0
DA:82,0
DA:89,0
DA:97,0
DA:98,0
DA:99,0
DA:100,0
DA:101,0
DA:131,0
DA:133,0
DA:157,0
DA:201,0
DA:230,0
DA:255,0
DA:268,0
DA:361,0
DA:379,0
DA:390,0
DA:392,0
DA:442,0
DA:447,0
LF:40
LH:0
BRDA:98,0,0,0
BRDA:98,0,1,0
BRDA:99,1,0,0
BRDA:99,1,1,0
BRDA:100,2,0,0
BRDA:100,2,1,0
BRDA:122,3,0,0
BRDA:122,3,1,0
BRDA:135,4,0,0
BRDA:135,4,1,0
BRDA:141,5,0,0
BRDA:141,5,1,0
BRDA:175,6,0,0
BRDA:212,7,0,0
BRDA:237,8,0,0
BRDA:255,9,0,0
BRDA:255,9,1,0
BRF:17
BRH:0
end_of_record
TN:
SF:app/profile/page.tsx
FN:16,ProfilePage
FN:31,(anonymous_3)
FN:51,(anonymous_4)
FN:107,(anonymous_5)
FN:175,(anonymous_6)
FN:206,(anonymous_7)
FN:206,(anonymous_8)
FN:215,(anonymous_9)
FN:215,(anonymous_10)
FN:225,(anonymous_11)
FN:225,(anonymous_12)
FN:234,(anonymous_13)
FN:234,(anonymous_14)
FN:243,(anonymous_15)
FN:243,(anonymous_16)
FN:258,(anonymous_17)
FN:258,(anonymous_18)
FN:267,(anonymous_19)
FN:267,(anonymous_20)
FN:276,(anonymous_21)
FN:276,(anonymous_22)
FN:285,(anonymous_23)
FN:285,(anonymous_24)
FNF:23
FNH:0
FNDA:0,ProfilePage
FNDA:0,(anonymous_3)
FNDA:0,(anonymous_4)
FNDA:0,(anonymous_5)
FNDA:0,(anonymous_6)
FNDA:0,(anonymous_7)
FNDA:0,(anonymous_8)
FNDA:0,(anonymous_9)
FNDA:0,(anonymous_10)
FNDA:0,(anonymous_11)
FNDA:0,(anonymous_12)
FNDA:0,(anonymous_13)
FNDA:0,(anonymous_14)
FNDA:0,(anonymous_15)
FNDA:0,(anonymous_16)
FNDA:0,(anonymous_17)
FNDA:0,(anonymous_18)
FNDA:0,(anonymous_19)
FNDA:0,(anonymous_20)
FNDA:0,(anonymous_21)
FNDA:0,(anonymous_22)
FNDA:0,(anonymous_23)
FNDA:0,(anonymous_24)
DA:3,0
DA:4,0
DA:6,0
DA:7,0
DA:8,0
DA:9,0
DA:10,0
DA:12,0
DA:13,0
DA:14,0
DA:16,0
DA:17,0
DA:18,0
DA:19,0
DA:31,0
DA:33,0
DA:34,0
DA:35,0
DA:36,0
DA:37,0
DA:51,0
DA:52,0
DA:63,0
DA:64,0
DA:65,0
DA:68,0
DA:107,0
DA:175,0
DA:206,0
DA:215,0
DA:225,0
DA:234,0
DA:243,0
DA:258,0
DA:267,0
DA:276,0
DA:285,0
LF:37
LH:0
BRDA:34,0,0,0
BRDA:38,1,0,0
BRDA:38,1,1,0
BRDA:39,2,0,0
BRDA:39,2,1,0
BRDA:40,3,0,0
BRDA:40,3,1,0
BRDA:41,4,0,0
BRDA:41,4,1,0
BRDA:42,5,0,0
BRDA:42,5,1,0
BRDA:43,6,0,0
BRDA:43,6,1,0
BRDA:44,7,0,0
BRDA:44,7,1,0
BRDA:45,8,0,0
BRDA:45,8,1,0
BRDA:46,9,0,0
BRDA:46,9,1,0
BRDA:68,10,0,0
BRDA:175,11,0,0
BRDA:175,11,1,0
BRDA:179,12,0,0
BRF:23
BRH:0
end_of_record
TN:
SF:app/track/page.tsx
FN:5,Loading
FNF:1
FNH:0
FNDA:0,Loading
DA:3,0
DA:5,0
LF:2
LH:0
BRF:0
BRH:0
end_of_record
TN:
SF:app/track/order/page.tsx
FN:25,TrackOrderPage
FN:78,(anonymous_3)
FN:81,(anonymous_4)
FN:87,(anonymous_5)
FN:88,(anonymous_6)
FN:89,(anonymous_7)
FN:155,(anonymous_8)
FN:192,(anonymous_9)
FN:244,(anonymous_10)
FNF:9
FNH:0
FNDA:0,TrackOrderPage
FNDA:0,(anonymous_3)
FNDA:0,(anonymous_4)
FNDA:0,(anonymous_5)
FNDA:0,(anonymous_6)
FNDA:0,(anonymous_7)
FNDA:0,(anonymous_8)
FNDA:0,(anonymous_9)
FNDA:0,(anonymous_10)
DA:3,0
DA:4,0
DA:5,0
DA:6,0
DA:7,0
DA:8,0
DA:9,0
DA:23,0
DA:25,0
DA:26,0
DA:27,0
DA:78,0
DA:80,0
DA:81,0
DA:82,0
DA:83,0
DA:87,0
DA:88,0
DA:89,0
DA:90,0
DA:92,0
DA:93,0
DA:97,0
DA:100,0
DA:156,0
DA:157,0
DA:193,0
DA:245,0
LF:28
LH:0
BRDA:80,0,0,0
BRDA:80,0,1,0
BRDA:82,1,0,0
BRDA:93,2,0,0
BRDA:100,3,0,0
BRDA:161,4,0,0
BRDA:161,4,1,0
BRDA:163,5,0,0
BRDA:163,5,1,0
BRDA:197,6,0,0
BRDA:197,6,1,0
BRDA:199,7,0,0
BRDA:199,7,1,0
BRDA:206,8,0,0
BRDA:209,9,0,0
BRDA:209,9,1,0
BRDA:216,10,0,0
BRDA:216,10,1,0
BRDA:221,11,0,0
BRDA:227,12,0,0
BRDA:286,13,0,0
BRF:21
BRH:0
end_of_record
TN:
SF:components/theme-provider.tsx
FN:9,ThemeProvider
FNF:1
FNH:0
FNDA:0,ThemeProvider
DA:3,0
DA:7,0
DA:9,0
LF:3
LH:0
BRF:0
BRH:0
end_of_record
TN:
SF:components/layout/header.tsx
FN:52,Header
FN:66,(anonymous_3)
FN:67,(anonymous_4)
FN:75,(anonymous_5)
FN:96,(anonymous_6)
FN:159,(anonymous_7)
FN:163,(anonymous_8)
FN:184,(anonymous_9)
FN:188,(anonymous_10)
FN:263,(anonymous_11)
FN:363,(anonymous_12)
FNF:11
FNH:0
FNDA:0,Header
FNDA:0,(anonymous_3)
FNDA:0,(anonymous_4)
FNDA:0,(anonymous_5)
FNDA:0,(anonymous_6)
FNDA:0,(anonymous_7)
FNDA:0,(anonymous_8)
FNDA:0,(anonymous_9)
FNDA:0,(anonymous_10)
FNDA:0,(anonymous_11)
FNDA:0,(anonymous_12)
DA:3,0
DA:4,0
DA:5,0
DA:6,0
DA:7,0
DA:15,0
DA:16,0
DA:17,0
DA:41,0
DA:42,0
DA:43,0
DA:52,0
DA:58,0
DA:59,0
DA:60,0
DA:61,0
DA:62,0
DA:63,0
DA:65,0
DA:66,0
DA:67,0
DA:69,0
DA:75,0
DA:76,0
DA:77,0
DA:78,0
DA:81,0
DA:82,0
DA:84,0
DA:91,0
DA:96,0
DA:97,0
DA:98,0
DA:101,0
DA:160,0
DA:163,0
DA:185,0
DA:188,0
DA:264,0
DA:363,0
LF:40
LH:0
BRDA:54,0,0,0
BRDA:55,1,0,0
BRDA:56,2,0,0
BRDA:76,3,0,0
BRDA:77,4,0,0
BRDA:77,5,0,0
BRDA:77,5,1,0
BRDA:91,6,0,0
BRDA:91,6,1,0
BRDA:101,7,0,0
BRDA:134,8,0,0
BRDA:134,8,1,0
BRDA:143,9,0,0
BRDA:143,9,1,0
BRDA:166,10,0,0
BRDA:166,10,1,0
BRDA:168,11,0,0
BRDA:168,11,1,0
BRDA:178,12,0,0
BRDA:178,12,1,0
BRDA:191,13,0,0
BRDA:191,13,1,0
BRDA:193,14,0,0
BRDA:193,14,1,0
BRDA:208,15,0,0
BRDA:218,16,0,0
BRDA:218,16,1,0
BRDA:253,17,0,0
BRDA:253,17,1,0
BRDA:269,18,0,0
BRDA:269,18,1,0
BRDA:271,19,0,0
BRDA:271,19,1,0
BRDA:279,20,0,0
BRDA:279,20,1,0
BRDA:286,21,0,0
BRDA:286,21,1,0
BRDA:292,22,0,0
BRDA:292,22,1,0
BRDA:296,23,0,0
BRDA:309,24,0,0
BRDA:309,24,1,0
BRDA:318,25,0,0
BRDA:326,26,0,0
BRDA:326,26,1,0
BRDA:342,27,0,0
BRDA:342,27,1,0
BRDA:389,28,0,0
BRDA:389,28,1,0
BRF:49
BRH:0
end_of_record
TN:
SF:components/ui/accordion.tsx
FNF:0
FNH:0
DA:3,0
DA:4,0
DA:5,0
DA:7,0
DA:9,0
DA:21,0
DA:41,0
DA:56,0
DA:58,0
LF:9
LH:0
BRF:0
BRH:0
end_of_record
TN:
SF:components/ui/alert-dialog.tsx
FNF:0
FNH:0
DA:3,0
DA:4,0
DA:6,0
DA:7,0
DA:9,0
DA:11,0
DA:13,0
DA:28,0
DA:46,0
DA:60,0
DA:74,0
DA:86,0
DA:98,0
DA:111,0
DA:127,0
DA:130,0
DA:131,0
DA:132,0
DA:133,0
DA:134,0
DA:135,0
DA:136,0
DA:137,0
DA:138,0
DA:139,0
DA:140,0
LF:26
LH:0
BRF:0
BRH:0
end_of_record
TN:
SF:components/ui/alert.tsx
FNF:0
FNH:0
DA:1,0
DA:2,0
DA:4,0
DA:6,0
DA:33,0
DA:45,0
DA:57,0
DA:59,0
LF:8
LH:0
BRF:0
BRH:0
end_of_record
TN:
SF:components/ui/aspect-ratio.tsx
FNF:0
FNH:0
DA:3,0
DA:5,0
DA:7,0
LF:3
LH:0
BRF:0
BRH:0
end_of_record
TN:
SF:components/ui/avatar.tsx
FNF:0
FNH:0
DA:3,0
DA:4,0
DA:6,0
DA:21,0
DA:33,0
DA:48,0
DA:50,0
LF:7
LH:0
BRF:0
BRH:0
end_of_record
TN:
SF:components/ui/badge.tsx
FN:30,Badge
FNF:1
FNH:0
FNDA:0,Badge
DA:1,0
DA:2,0
DA:4,0
DA:6,0
DA:36,0
LF:5
LH:0
BRF:0
BRH:0
end_of_record
TN:
SF:components/ui/breadcrumb.tsx
FN:47,(anonymous_14)
FNF:1
FNH:0
FNDA:0,(anonymous_14)
DA:1,0
DA:2,0
DA:3,0
DA:5,0
DA:13,0
DA:28,0
DA:40,0
DA:42,0
DA:48,0
DA:58,0
DA:73,0
DA:89,0
DA:105,0
DA:108,0
DA:109,0
DA:110,0
DA:111,0
DA:112,0
DA:113,0
DA:114,0
LF:20
LH:0
BRDA:48,0,0,0
BRDA:48,0,1,0
BRDA:86,1,0,0
BRDA:86,1,1,0
BRF:4
BRH:0
end_of_record
TN:
SF:components/ui/button.tsx
FN:43,(anonymous_6)
FNF:1
FNH:1
FNDA:19,(anonymous_6)
DA:1,1
DA:2,1
DA:3,1
DA:5,1
DA:7,1
DA:42,1
DA:44,19
DA:54,1
DA:56,19
LF:9
LH:9
BRDA:43,0,0,18
BRDA:44,1,0,1
BRDA:44,1,1,18
BRF:3
BRH:3
end_of_record
TN:
SF:components/ui/calendar.tsx
FN:12,Calendar
FNF:1
FNH:0
FNDA:0,Calendar
DA:3,0
DA:4,0
DA:5,0
DA:7,0
DA:8,0
DA:64,0
DA:66,0
LF:7
LH:0
BRDA:15,0,0,0
BRF:1
BRH:0
end_of_record
TN:
SF:components/ui/card.tsx
FNF:0
FNH:0
DA:1,0
DA:3,0
DA:18,0
DA:30,0
DA:45,0
DA:57,0
DA:65,0
DA:77,0
DA:79,0
LF:9
LH:0
BRF:0
BRH:0
end_of_record
TN:
SF:components/ui/carousel.tsx
FN:35,useCarousel
FN:49,(anonymous_11)
FN:71,(anonymous_12)
FN:80,(anonymous_13)
FN:84,(anonymous_14)
FN:89,(anonymous_15)
FN:101,(anonymous_16)
FN:109,(anonymous_17)
FN:118,(anonymous_18)
FN:156,(anonymous_19)
FN:178,(anonymous_20)
FN:200,(anonymous_21)
FN:229,(anonymous_22)
FNF:13
FNH:0
FNDA:0,useCarousel
FNDA:0,(anonymous_11)
FNDA:0,(anonymous_12)
FNDA:0,(anonymous_13)
FNDA:0,(anonymous_14)
FNDA:0,(anonymous_15)
FNDA:0,(anonymous_16)
FNDA:0,(anonymous_17)
FNDA:0,(anonymous_18)
FNDA:0,(anonymous_19)
FNDA:0,(anonymous_20)
FNDA:0,(anonymous_21)
FNDA:0,(anonymous_22)
DA:3,0
DA:6,0
DA:7,0
DA:9,0
DA:10,0
DA:33,0
DA:36,0
DA:38,0
DA:39,0
DA:42,0
DA:45,0
DA:61,0
DA:68,0
DA:69,0
DA:71,0
DA:72,0
DA:73,0
DA:76,0
DA:77,0
DA:80,0
DA:81,0
DA:84,0
DA:85,0
DA:88,0
DA:90,0
DA:91,0
DA:92,0
DA:93,0
DA:94,0
DA:95,0
DA:101,0
DA:102,0
DA:103,0
DA:106,0
DA:109,0
DA:110,0
DA:111,0
DA:114,0
DA:115,0
DA:116,0
DA:118,0
DA:119,0
DA:151,0
DA:153,0
DA:157,0
DA:173,0
DA:175,0
DA:179,0
DA:195,0
DA:197,0
DA:201,0
DA:224,0
DA:226,0
DA:230,0
DA:253,0
DA:257,0
DA:258,0
DA:259,0
DA:260,0
DA:261,0
LF:60
LH:0
BRDA:38,0,0,0
BRDA:51,1,0,0
BRDA:64,2,0,0
BRDA:64,2,1,0
BRDA:72,3,0,0
BRDA:90,4,0,0
BRDA:90,4,1,0
BRDA:93,5,0,0
BRDA:102,6,0,0
BRDA:102,7,0,0
BRDA:102,7,1,0
BRDA:110,8,0,0
BRDA:130,9,0,0
BRDA:130,9,1,0
BRDA:130,10,0,0
BRDA:130,10,1,0
BRDA:165,11,0,0
BRDA:165,11,1,0
BRDA:188,12,0,0
BRDA:188,12,1,0
BRDA:200,13,0,0
BRDA:200,14,0,0
BRDA:210,15,0,0
BRDA:210,15,1,0
BRDA:229,16,0,0
BRDA:229,17,0,0
BRDA:239,18,0,0
BRDA:239,18,1,0
BRF:28
BRH:0
end_of_record
TN:
SF:components/ui/chart.tsx
FN:27,useChart
FN:45,(anonymous_11)
FN:70,(anonymous_12)
FN:72,(anonymous_13)
FN:84,(anonymous_14)
FN:87,(anonymous_15)
FN:116,(anonymous_16)
FN:136,(anonymous_17)
FN:188,(anonymous_18)
FN:269,(anonymous_19)
FN:288,(anonymous_20)
FN:320,getPayloadConfigFromPayload
FNF:12
FNH:0
FNDA:0,useChart
FNDA:0,(anonymous_11)
FNDA:0,(anonymous_12)
FNDA:0,(anonymous_13)
FNDA:0,(anonymous_14)
FNDA:0,(anonymous_15)
FNDA:0,(anonymous_16)
FNDA:0,(anonymous_17)
FNDA:0,(anonymous_18)
FNDA:0,(anonymous_19)
FNDA:0,(anonymous_20)
FNDA:0,getPayloadConfigFromPayload
DA:3,0
DA:4,0
DA:6,0
DA:9,0
DA:25,0
DA:28,0
DA:30,0
DA:31,0
DA:34,0
DA:37,0
DA:46,0
DA:47,0
DA:68,0
DA:70,0
DA:71,0
DA:72,0
DA:75,0
DA:76,0
DA:84,0
DA:89,0
DA:91,0
DA:103,0
DA:105,0
DA:134,0
DA:136,0
DA:137,0
DA:138,0
DA:141,0
DA:142,0
DA:143,0
DA:145,0
DA:149,0
DA:157,0
DA:158,0
DA:172,0
DA:173,0
DA:176,0
DA:189,0
DA:190,0
DA:191,0
DA:193,0
DA:257,0
DA:259,0
DA:261,0
DA:273,0
DA:275,0
DA:276,0
DA:289,0
DA:290,0
DA:292,0
DA:317,0
DA:325,0
DA:326,0
DA:330,0
DA:336,0
DA:338,0
DA:342,0
DA:343,0
DA:348,0
DA:353,0
DA:359,0
DA:360,0
DA:361,0
DA:362,0
DA:363,0
DA:364,0
LF:66
LH:0
BRDA:30,0,0,0
BRDA:47,1,0,0
BRDA:47,1,1,0
BRDA:72,2,0,0
BRDA:72,2,1,0
BRDA:75,3,0,0
BRDA:89,4,0,0
BRDA:89,4,1,0
BRDA:91,5,0,0
BRDA:91,5,1,0
BRDA:121,6,0,0
BRDA:122,7,0,0
BRDA:123,8,0,0
BRDA:137,9,0,0
BRDA:137,10,0,0
BRDA:137,10,1,0
BRDA:142,11,0,0
BRDA:142,11,1,0
BRDA:142,11,2,0
BRDA:142,11,3,0
BRDA:145,12,0,0
BRDA:145,12,1,0
BRDA:145,13,0,0
BRDA:145,13,1,0
BRDA:146,14,0,0
BRDA:146,14,1,0
BRDA:149,15,0,0
BRDA:157,16,0,0
BRDA:172,17,0,0
BRDA:172,18,0,0
BRDA:172,18,1,0
BRDA:176,19,0,0
BRDA:176,19,1,0
BRDA:186,20,0,0
BRDA:186,20,1,0
BRDA:189,21,0,0
BRDA:189,21,1,0
BRDA:189,21,2,0
BRDA:189,21,3,0
BRDA:191,22,0,0
BRDA:191,22,1,0
BRDA:191,22,2,0
BRDA:198,23,0,0
BRDA:198,23,1,0
BRDA:202,24,0,0
BRDA:201,25,0,0
BRDA:201,25,1,0
BRDA:201,25,2,0
BRDA:206,26,0,0
BRDA:208,27,0,0
BRDA:217,28,0,0
BRDA:217,28,1,0
BRDA:232,29,0,0
BRDA:232,29,1,0
BRDA:236,30,0,0
BRDA:236,30,1,0
BRDA:238,31,0,0
BRDA:238,31,1,0
BRDA:241,32,0,0
BRDA:270,33,0,0
BRDA:270,34,0,0
BRDA:275,35,0,0
BRDA:284,36,0,0
BRDA:284,36,1,0
BRDA:289,37,0,0
BRDA:289,37,1,0
BRDA:289,37,2,0
BRDA:300,38,0,0
BRDA:299,39,0,0
BRDA:299,39,1,0
BRDA:325,40,0,0
BRDA:325,41,0,0
BRDA:325,41,1,0
BRDA:330,42,0,0
BRDA:330,42,1,0
BRDA:330,43,0,0
BRDA:330,43,1,0
BRDA:330,43,2,0
BRDA:338,44,0,0
BRDA:338,44,1,0
BRDA:339,45,0,0
BRDA:339,45,1,0
BRDA:343,46,0,0
BRDA:344,47,0,0
BRDA:344,47,1,0
BRDA:344,47,2,0
BRDA:353,48,0,0
BRDA:353,48,1,0
BRF:88
BRH:0
end_of_record
TN:
SF:components/ui/checkbox.tsx
FNF:0
FNH:0
DA:3,0
DA:4,0
DA:5,0
DA:7,0
DA:28,0
DA:30,0
LF:6
LH:0
BRF:0
BRH:0
end_of_record
TN:
SF:components/ui/collapsible.tsx
FNF:0
FNH:0
DA:3,0
DA:5,0
DA:7,0
DA:9,0
DA:11,0
LF:5
LH:0
BRF:0
BRH:0
end_of_record
TN:
SF:components/ui/command.tsx
FN:26,(anonymous_14)
FN:127,(anonymous_21)
FNF:2
FNH:0
FNDA:0,(anonymous_14)
FNDA:0,(anonymous_21)
DA:3,0
DA:5,0
DA:6,0
DA:8,0
DA:9,0
DA:24,0
DA:26,0
DA:55,0
DA:68,0
DA:81,0
DA:97,0
DA:109,0
DA:125,0
DA:127,0
DA:141,0
DA:144,0
DA:145,0
DA:146,0
DA:147,0
DA:148,0
DA:149,0
DA:150,0
DA:151,0
DA:152,0
LF:24
LH:0
BRF:0
BRH:0
end_of_record
TN:
SF:components/ui/context-menu.tsx
FN:168,(anonymous_27)
FNF:1
FNH:0
FNDA:0,(anonymous_27)
DA:3,0
DA:4,0
DA:5,0
DA:7,0
DA:9,0
DA:11,0
DA:13,0
DA:15,0
DA:17,0
DA:19,0
DA:40,0
DA:55,0
DA:72,0
DA:90,0
DA:113,0
DA:136,0
DA:154,0
DA:166,0
DA:168,0
DA:182,0
DA:185,0
DA:186,0
DA:187,0
DA:188,0
DA:189,0
DA:190,0
DA:191,0
DA:192,0
DA:193,0
DA:194,0
DA:195,0
DA:196,0
DA:197,0
DA:198,0
DA:199,0
LF:35
LH:0
BRDA:31,0,0,0
BRDA:31,0,1,0
BRDA:84,1,0,0
BRDA:84,1,1,0
BRDA:148,2,0,0
BRDA:148,2,1,0
BRF:6
BRH:0
end_of_record
TN:
SF:components/ui/dialog.tsx
FNF:0
FNH:0
DA:3,0
DA:4,0
DA:5,0
DA:7,0
DA:9,0
DA:11,0
DA:13,0
DA:15,0
DA:30,0
DA:54,0
DA:68,0
DA:82,0
DA:97,0
DA:109,0
DA:112,0
DA:113,0
DA:114,0
DA:115,0
DA:116,0
DA:117,0
DA:118,0
DA:119,0
DA:120,0
DA:121,0
LF:24
LH:0
BRF:0
BRH:0
end_of_record
TN:
SF:components/ui/drawer.tsx
FNF:0
FNH:0
DA:3,0
DA:4,0
DA:6,0
DA:17,0
DA:19,0
DA:21,0
DA:23,0
DA:35,0
DA:56,0
DA:67,0
DA:78,0
DA:93,0
DA:105,0
DA:108,0
DA:109,0
DA:110,0
DA:111,0
DA:112,0
DA:113,0
DA:114,0
DA:115,0
DA:116,0
DA:117,0
LF:23
LH:0
BRDA:9,0,0,0
BRF:1
BRH:0
end_of_record
TN:
SF:components/ui/dropdown-menu.tsx
FN:171,(anonymous_27)
FNF:1
FNH:0
FNDA:0,(anonymous_27)
DA:3,0
DA:4,0
DA:5,0
DA:7,0
DA:9,0
DA:11,0
DA:13,0
DA:15,0
DA:17,0
DA:19,0
DA:40,0
DA:56,0
DA:75,0
DA:93,0
DA:116,0
DA:139,0
DA:157,0
DA:169,0
DA:171,0
DA:182,0
DA:185,0
DA:186,0
DA:187,0
DA:188,0
DA:189,0
DA:190,0
DA:191,0
DA:192,0
DA:193,0
DA:194,0
DA:195,0
DA:196,0
DA:197,0
DA:198,0
DA:199,0
LF:35
LH:0
BRDA:31,0,0,0
BRDA:31,0,1,0
BRDA:62,1,0,0
BRDA:87,2,0,0
BRDA:87,2,1,0
BRDA:151,3,0,0
BRDA:151,3,1,0
BRF:7
BRH:0
end_of_record
TN:
SF:components/ui/form.tsx
FN:31,(anonymous_12)
FN:44,(anonymous_13)
FN:78,(anonymous_14)
FN:92,(anonymous_15)
FN:109,(anonymous_16)
FN:131,(anonymous_17)
FN:148,(anonymous_18)
FNF:7
FNH:0
FNDA:0,(anonymous_12)
FNDA:0,(anonymous_13)
FNDA:0,(anonymous_14)
FNDA:0,(anonymous_15)
FNDA:0,(anonymous_16)
FNDA:0,(anonymous_17)
FNDA:0,(anonymous_18)
DA:3,0
DA:5,0
DA:13,0
DA:15,0
DA:16,0
DA:18,0
DA:27,0
DA:31,0
DA:44,0
DA:45,0
DA:46,0
DA:47,0
DA:49,0
DA:51,0
DA:52,0
DA:55,0
DA:57,0
DA:71,0
DA:75,0
DA:79,0
DA:87,0
DA:89,0
DA:93,0
DA:104,0
DA:106,0
DA:110,0
DA:126,0
DA:128,0
DA:132,0
DA:143,0
DA:145,0
DA:149,0
DA:150,0
DA:152,0
DA:153,0
DA:167,0
DA:170,0
DA:171,0
DA:172,0
DA:173,0
DA:174,0
DA:175,0
DA:176,0
DA:177,0
LF:44
LH:0
BRDA:51,0,0,0
BRDA:98,1,0,0
BRDA:98,1,1,0
BRDA:117,2,0,0
BRDA:117,2,1,0
BRDA:150,3,0,0
BRDA:150,3,1,0
BRDA:152,4,0,0
BRF:8
BRH:0
end_of_record
TN:
SF:components/ui/hover-card.tsx
FNF:0
FNH:0
DA:3,0
DA:4,0
DA:6,0
DA:8,0
DA:10,0
DA:27,0
DA:29,0
LF:7
LH:0
BRDA:15,0,0,0
BRDA:15,1,0,0
BRF:2
BRH:0
end_of_record
TN:
SF:components/ui/input-otp.tsx
FN:36,(anonymous_10)
FNF:1
FNH:0
FNDA:0,(anonymous_10)
DA:3,0
DA:4,0
DA:5,0
DA:7,0
DA:23,0
DA:31,0
DA:33,0
DA:37,0
DA:38,0
DA:59,0
DA:69,0
DA:71,0
LF:12
LH:0
BRDA:45,0,0,0
BRDA:45,0,1,0
BRDA:51,1,0,0
BRF:3
BRH:0
end_of_record
TN:
SF:components/ui/input.tsx
FN:6,(anonymous_4)
FNF:1
FNH:1
FNDA:18,(anonymous_4)
DA:1,1
DA:3,1
DA:5,1
DA:20,1
DA:22,18
LF:5
LH:5
BRF:0
BRH:0
end_of_record
TN:
SF:components/ui/label.tsx
FNF:0
FNH:0
DA:3,0
DA:4,0
DA:5,0
DA:7,0
DA:9,0
DA:24,0
DA:26,0
LF:7
LH:0
BRF:0
BRH:0
end_of_record
TN:
SF:components/ui/menubar.tsx
FN:203,(anonymous_30)
FNF:1
FNH:0
FNDA:0,(anonymous_30)
DA:3,0
DA:4,0
DA:5,0
DA:7,0
DA:9,0
DA:11,0
DA:13,0
DA:15,0
DA:17,0
DA:32,0
DA:47,0
DA:68,0
DA:83,0
DA:108,0
DA:126,0
DA:149,0
DA:171,0
DA:189,0
DA:201,0
DA:203,0
DA:217,0
DA:220,0
DA:221,0
DA:222,0
DA:223,0
DA:224,0
DA:225,0
DA:226,0
DA:227,0
DA:228,0
DA:229,0
DA:230,0
DA:231,0
DA:232,0
DA:233,0
DA:234,0
DA:235,0
LF:37
LH:0
BRDA:59,0,0,0
BRDA:59,0,1,0
BRDA:90,1,0,0
BRDA:90,2,0,0
BRDA:90,3,0,0
BRDA:120,4,0,0
BRDA:120,4,1,0
BRDA:183,5,0,0
BRDA:183,5,1,0
BRF:9
BRH:0
end_of_record
TN:
SF:components/ui/navigation-menu.tsx
FNF:0
FNH:0
DA:1,0
DA:2,0
DA:3,0
DA:4,0
DA:6,0
DA:24,0
DA:39,0
DA:41,0
DA:43,0
DA:63,0
DA:78,0
DA:80,0
DA:97,0
DA:115,0
DA:119,0
DA:120,0
DA:121,0
DA:122,0
DA:123,0
DA:124,0
DA:125,0
DA:126,0
DA:127,0
LF:23
LH:0
BRF:0
BRH:0
end_of_record
TN:
SF:components/ui/pagination.tsx
FNF:0
FNH:0
DA:1,0
DA:2,0
DA:4,0
DA:5,0
DA:15,0
DA:27,0
DA:35,0
DA:60,0
DA:76,0
DA:92,0
DA:107,0
DA:110,0
DA:111,0
DA:112,0
DA:113,0
DA:114,0
DA:115,0
DA:116,0
LF:18
LH:0
BRDA:45,0,0,0
BRDA:49,1,0,0
BRDA:49,1,1,0
BRDA:52,2,0,0
BRDA:52,2,1,0
BRF:5
BRH:0
end_of_record
TN:
SF:components/ui/popover.tsx
FNF:0
FNH:0
DA:3,0
DA:4,0
DA:6,0
DA:8,0
DA:10,0
DA:29,0
DA:31,0
LF:7
LH:0
BRDA:15,0,0,0
BRDA:15,1,0,0
BRF:2
BRH:0
end_of_record
TN:
SF:components/ui/progress.tsx
FNF:0
FNH:0
DA:3,0
DA:4,0
DA:6,0
DA:26,0
DA:28,0
LF:5
LH:0
BRDA:22,0,0,0
BRDA:22,0,1,0
BRF:2
BRH:0
end_of_record
TN:
SF:components/ui/radio-group.tsx
FN:12,(anonymous_6)
FN:26,(anonymous_7)
FNF:2
FNH:0
FNDA:0,(anonymous_6)
FNDA:0,(anonymous_7)
DA:3,0
DA:4,0
DA:5,0
DA:7,0
DA:9,0
DA:21,0
DA:23,0
DA:42,0
DA:44,0
LF:9
LH:0
BRF:0
BRH:0
end_of_record
TN:
SF:components/ui/resizable.tsx
FNF:0
FNH:0
DA:3,0
DA:4,0
DA:6,0
DA:21,0
DA:45,0
LF:5
LH:0
BRDA:37,0,0,0
BRF:1
BRH:0
end_of_record
TN:
SF:components/ui/scroll-area.tsx
FNF:0
FNH:0
DA:3,0
DA:4,0
DA:6,0
DA:24,0
DA:46,0
DA:48,0
LF:6
LH:0
BRDA:29,0,0,0
BRDA:35,1,0,0
BRDA:35,1,1,0
BRDA:37,2,0,0
BRDA:37,2,1,0
BRF:5
BRH:0
end_of_record
TN:
SF:components/ui/select.tsx
FNF:0
FNH:0
DA:3,0
DA:4,0
DA:5,0
DA:7,0
DA:9,0
DA:11,0
DA:13,0
DA:33,0
DA:50,0
DA:67,0
DA:100,0
DA:112,0
DA:135,0
DA:147,0
DA:150,0
DA:151,0
DA:152,0
DA:153,0
DA:154,0
DA:155,0
DA:156,0
DA:157,0
DA:158,0
DA:159,0
LF:24
LH:0
BRDA:73,0,0,0
BRDA:79,1,0,0
BRDA:79,1,1,0
BRDA:90,2,0,0
BRDA:90,2,1,0
BRF:5
BRH:0
end_of_record
TN:
SF:components/ui/separator.tsx
FNF:0
FNH:0
DA:3,0
DA:4,0
DA:6,0
DA:29,0
DA:31,0
LF:5
LH:0
BRDA:13,0,0,0
BRDA:13,1,0,0
BRDA:22,2,0,0
BRDA:22,2,1,0
BRF:4
BRH:0
end_of_record
TN:
SF:components/ui/sheet.tsx
FNF:0
FNH:0
DA:3,0
DA:4,0
DA:5,0
DA:6,0
DA:8,0
DA:10,0
DA:12,0
DA:14,0
DA:16,0
DA:31,0
DA:33,0
DA:75,0
DA:89,0
DA:103,0
DA:115,0
DA:127,0
DA:130,0
DA:131,0
DA:132,0
DA:133,0
DA:134,0
DA:135,0
DA:136,0
DA:137,0
DA:138,0
DA:139,0
LF:26
LH:0
BRDA:59,0,0,0
BRF:1
BRH:0
end_of_record
TN:
SF:components/ui/sidebar.tsx
FN:41,useSidebar
FN:58,(anonymous_29)
FN:78,(anonymous_30)
FN:93,(anonymous_31)
FN:95,(anonymous_32)
FN:96,(anonymous_33)
FN:100,(anonymous_34)
FN:101,(anonymous_35)
FN:112,(anonymous_36)
FN:120,(anonymous_37)
FN:167,(anonymous_38)
FN:265,(anonymous_39)
FN:275,(anonymous_40)
FN:291,(anonymous_41)
FN:320,(anonymous_42)
FN:338,(anonymous_43)
FN:356,(anonymous_44)
FN:371,(anonymous_45)
FN:386,(anonymous_46)
FN:401,(anonymous_47)
FN:419,(anonymous_48)
FN:434,(anonymous_49)
FN:455,(anonymous_50)
FN:544,(anonymous_54)
FN:601,(anonymous_55)
FN:652,(anonymous_57)
FN:654,(anonymous_58)
FN:715,(anonymous_61)
FNF:28
FNH:0
FNDA:0,useSidebar
FNDA:0,(anonymous_29)
FNDA:0,(anonymous_30)
FNDA:0,(anonymous_31)
FNDA:0,(anonymous_32)
FNDA:0,(anonymous_33)
FNDA:0,(anonymous_34)
FNDA:0,(anonymous_35)
FNDA:0,(anonymous_36)
FNDA:0,(anonymous_37)
FNDA:0,(anonymous_38)
FNDA:0,(anonymous_39)
FNDA:0,(anonymous_40)
FNDA:0,(anonymous_41)
FNDA:0,(anonymous_42)
FNDA:0,(anonymous_43)
FNDA:0,(anonymous_44)
FNDA:0,(anonymous_45)
FNDA:0,(anonymous_46)
FNDA:0,(anonymous_47)
FNDA:0,(anonymous_48)
FNDA:0,(anonymous_49)
FNDA:0,(anonymous_50)
FNDA:0,(anonymous_54)
FNDA:0,(anonymous_55)
FNDA:0,(anonymous_57)
FNDA:0,(anonymous_58)
FNDA:0,(anonymous_61)
DA:3,0
DA:4,0
DA:5,0
DA:6,0
DA:8,0
DA:9,0
DA:10,0
DA:11,0
DA:12,0
DA:13,0
DA:14,0
DA:20,0
DA:22,0
DA:23,0
DA:24,0
DA:25,0
DA:26,0
DA:27,0
DA:39,0
DA:42,0
DA:43,0
DA:44,0
DA:47,0
DA:50,0
DA:70,0
DA:71,0
DA:75,0
DA:76,0
DA:77,0
DA:79,0
DA:80,0
DA:81,0
DA:83,0
DA:87,0
DA:93,0
DA:94,0
DA:95,0
DA:96,0
DA:100,0
DA:101,0
DA:102,0
DA:106,0
DA:107,0
DA:111,0
DA:112,0
DA:117,0
DA:119,0
DA:120,0
DA:157,0
DA:159,0
DA:178,0
DA:180,0
DA:195,0
DA:260,0
DA:262,0
DA:266,0
DA:276,0
DA:277,0
DA:286,0
DA:288,0
DA:292,0
DA:315,0
DA:317,0
DA:333,0
DA:335,0
DA:351,0
DA:353,0
DA:366,0
DA:368,0
DA:381,0
DA:383,0
DA:396,0
DA:398,0
DA:414,0
DA:416,0
DA:429,0
DA:431,0
DA:435,0
DA:450,0
DA:452,0
DA:456,0
DA:473,0
DA:486,0
DA:499,0
DA:512,0
DA:514,0
DA:536,0
DA:556,0
DA:557,0
DA:570,0
DA:571,0
DA:574,0
DA:575,0
DA:593,0
DA:595,0
DA:602,0
DA:624,0
DA:645,0
DA:647,0
DA:654,0
DA:655,0
DA:683,0
DA:700,0
DA:706,0
DA:708,0
DA:716,0
DA:736,0
DA:739,0
DA:740,0
DA:741,0
DA:742,0
DA:743,0
DA:744,0
DA:745,0
DA:746,0
DA:747,0
DA:748,0
DA:749,0
DA:750,0
DA:751,0
DA:752,0
DA:753,0
DA:754,0
DA:755,0
DA:756,0
DA:757,0
DA:758,0
DA:759,0
DA:760,0
DA:761,0
DA:762,0
LF:131
LH:0
BRDA:43,0,0,0
BRDA:60,1,0,0
BRDA:76,2,0,0
BRDA:76,2,1,0
BRDA:79,3,0,0
BRDA:79,3,1,0
BRDA:80,4,0,0
BRDA:80,4,1,0
BRDA:94,5,0,0
BRDA:94,5,1,0
BRDA:102,6,0,0
BRDA:103,7,0,0
BRDA:103,7,1,0
BRDA:103,7,2,0
BRDA:117,8,0,0
BRDA:117,8,1,0
BRDA:169,9,0,0
BRDA:170,10,0,0
BRDA:171,11,0,0
BRDA:180,12,0,0
BRDA:195,13,0,0
BRDA:220,14,0,0
BRDA:220,14,1,0
BRDA:230,15,0,0
BRDA:230,15,1,0
BRDA:230,16,0,0
BRDA:230,16,1,0
BRDA:238,17,0,0
BRDA:238,17,1,0
BRDA:242,18,0,0
BRDA:242,18,1,0
BRDA:242,19,0,0
BRDA:242,19,1,0
BRDA:434,20,0,0
BRDA:435,21,0,0
BRDA:435,21,1,0
BRDA:455,22,0,0
BRDA:456,23,0,0
BRDA:456,23,1,0
BRDA:546,24,0,0
BRDA:547,25,0,0
BRDA:548,26,0,0
BRDA:549,27,0,0
BRDA:556,28,0,0
BRDA:556,28,1,0
BRDA:570,29,0,0
BRDA:574,30,0,0
BRDA:586,31,0,0
BRDA:586,31,1,0
BRDA:601,32,0,0
BRDA:601,33,0,0
BRDA:602,34,0,0
BRDA:602,34,1,0
BRDA:616,35,0,0
BRDA:616,35,1,0
BRDA:652,36,0,0
BRDA:665,37,0,0
BRDA:715,38,0,0
BRDA:715,39,0,0
BRDA:716,40,0,0
BRDA:716,40,1,0
BRDA:727,41,0,0
BRDA:727,41,1,0
BRDA:728,42,0,0
BRDA:728,42,1,0
BRF:65
BRH:0
end_of_record
TN:
SF:components/ui/skeleton.tsx
FN:3,Skeleton
FNF:1
FNH:0
FNDA:0,Skeleton
DA:1,0
DA:15,0
LF:2
LH:0
BRF:0
BRH:0
end_of_record
TN:
SF:components/ui/slider.tsx
FNF:0
FNH:0
DA:3,0
DA:4,0
DA:6,0
DA:26,0
DA:28,0
LF:5
LH:0
BRF:0
BRH:0
end_of_record
TN:
SF:components/ui/sonner.tsx
FN:8,(anonymous_1)
FNF:1
FNH:0
FNDA:0,(anonymous_1)
DA:3,0
DA:4,0
DA:8,0
DA:9,0
DA:31,0
LF:5
LH:0
BRDA:9,0,0,0
BRF:1
BRH:0
end_of_record
TN:
SF:components/ui/switch.tsx
FNF:0
FNH:0
DA:3,0
DA:4,0
DA:6,0
DA:27,0
DA:29,0
LF:5
LH:0
BRF:0
BRH:0
end_of_record
TN:
SF:components/ui/table.tsx
FNF:0
FNH:0
DA:1,0
DA:3,0
DA:17,0
DA:25,0
DA:37,0
DA:52,0
DA:67,0
DA:82,0
DA:94,0
DA:106,0
DA:109,0
DA:110,0
DA:111,0
DA:112,0
DA:113,0
DA:114,0
DA:115,0
DA:116,0
LF:18
LH:0
BRF:0
BRH:0
end_of_record
TN:
SF:components/ui/tabs.tsx
FNF:0
FNH:0
DA:3,0
DA:4,0
DA:6,0
DA:8,0
DA:23,0
DA:38,0
DA:53,0
DA:55,0
LF:8
LH:0
BRF:0
BRH:0
end_of_record
TN:
SF:components/ui/textarea.tsx
FN:8,(anonymous_4)
FNF:1
FNH:0
FNDA:0,(anonymous_4)
DA:1,0
DA:3,0
DA:5,0
DA:20,0
DA:22,0
LF:5
LH:0
BRF:0
BRH:0
end_of_record
TN:
SF:components/ui/toast.tsx
FN:47,(anonymous_12)
FNF:1
FNH:0
FNDA:0,(anonymous_12)
DA:3,0
DA:4,0
DA:5,0
DA:6,0
DA:8,0
DA:10,0
DA:25,0
DA:27,0
DA:43,0
DA:56,0
DA:71,0
DA:89,0
DA:101,0
DA:113,0
DA:122,0
DA:123,0
DA:124,0
DA:125,0
DA:126,0
DA:127,0
DA:128,0
LF:21
LH:0
BRF:0
BRH:0
end_of_record
TN:
SF:components/ui/toaster.tsx
FN:13,Toaster
FN:18,(anonymous_2)
FNF:2
FNH:0
FNDA:0,Toaster
FNDA:0,(anonymous_2)
DA:3,0
DA:11,0
DA:13,0
DA:14,0
DA:19,0
LF:5
LH:0
BRDA:22,0,0,0
BRDA:23,1,0,0
BRF:2
BRH:0
end_of_record
TN:
SF:components/ui/toggle-group.tsx
FN:39,(anonymous_7)
FNF:1
FNH:0
FNDA:0,(anonymous_7)
DA:3,0
DA:4,0
DA:7,0
DA:8,0
DA:10,0
DA:33,0
DA:35,0
DA:40,0
DA:59,0
DA:61,0
LF:10
LH:0
BRDA:47,0,0,0
BRDA:47,0,1,0
BRDA:48,1,0,0
BRDA:48,1,1,0
BRF:4
BRH:0
end_of_record
TN:
SF:components/ui/toggle.tsx
FNF:0
FNH:0
DA:3,0
DA:4,0
DA:5,0
DA:7,0
DA:9,0
DA:43,0
DA:45,0
LF:7
LH:0
BRF:0
BRH:0
end_of_record
TN:
SF:components/ui/tooltip.tsx
FNF:0
FNH:0
DA:3,0
DA:4,0
DA:6,0
DA:8,0
DA:10,0
DA:12,0
DA:28,0
DA:30,0
LF:8
LH:0
BRDA:17,0,0,0
BRF:1
BRH:0
end_of_record
TN:
SF:components/ui/use-mobile.tsx
FN:5,useIsMobile
FN:8,(anonymous_5)
FN:10,(anonymous_6)
FN:15,(anonymous_7)
FNF:4
FNH:0
FNDA:0,useIsMobile
FNDA:0,(anonymous_5)
FNDA:0,(anonymous_6)
FNDA:0,(anonymous_7)
DA:1,0
DA:3,0
DA:5,0
DA:6,0
DA:8,0
DA:9,0
DA:10,0
DA:11,0
DA:13,0
DA:14,0
DA:15,0
DA:18,0
LF:12
LH:0
BRF:0
BRH:0
end_of_record
TN:
SF:components/ui/use-toast.ts
FN:30,genId
FN:61,(anonymous_8)
FN:66,(anonymous_9)
FN:77,(anonymous_10)
FN:88,(anonymous_11)
FN:101,(anonymous_12)
FN:108,(anonymous_13)
FN:127,(anonymous_14)
FN:136,dispatch
FN:138,(anonymous_16)
FN:145,toast
FN:148,(anonymous_18)
FN:153,(anonymous_19)
FN:161,(anonymous_20)
FN:174,useToast
FN:177,(anonymous_22)
FN:179,(anonymous_23)
FN:190,(anonymous_24)
FNF:18
FNH:0
FNDA:0,genId
FNDA:0,(anonymous_8)
FNDA:0,(anonymous_9)
FNDA:0,(anonymous_10)
FNDA:0,(anonymous_11)
FNDA:0,(anonymous_12)
FNDA:0,(anonymous_13)
FNDA:0,(anonymous_14)
FNDA:0,dispatch
FNDA:0,(anonymous_16)
FNDA:0,toast
FNDA:0,(anonymous_18)
FNDA:0,(anonymous_19)
FNDA:0,(anonymous_20)
FNDA:0,useToast
FNDA:0,(anonymous_22)
FNDA:0,(anonymous_23)
FNDA:0,(anonymous_24)
DA:4,0
DA:11,0
DA:12,0
DA:21,0
DA:28,0
DA:31,0
DA:32,0
DA:59,0
DA:61,0
DA:62,0
DA:63,0
DA:66,0
DA:67,0
DA:68,0
DA:74,0
DA:77,0
DA:78,0
DA:80,0
DA:86,0
DA:89,0
DA:94,0
DA:98,0
DA:99,0
DA:101,0
DA:102,0
DA:106,0
DA:109,0
DA:119,0
DA:120,0
DA:125,0
DA:127,0
DA:132,0
DA:134,0
DA:137,0
DA:138,0
DA:139,0
DA:146,0
DA:148,0
DA:149,0
DA:153,0
DA:155,0
DA:162,0
DA:167,0
DA:175,0
DA:177,0
DA:178,0
DA:179,0
DA:180,0
DA:181,0
DA:182,0
DA:187,0
DA:190,0
DA:194,0
LF:53
LH:0
BRDA:62,0,0,0
BRDA:78,1,0,0
BRDA:78,1,1,0
BRDA:78,1,2,0
BRDA:78,1,3,0
BRDA:89,2,0,0
BRDA:89,2,1,0
BRDA:98,3,0,0
BRDA:98,3,1,0
BRDA:109,4,0,0
BRDA:109,4,1,0
BRDA:109,5,0,0
BRDA:109,5,1,0
BRDA:119,6,0,0
BRDA:162,7,0,0
BRDA:181,8,0,0
BRF:16
BRH:0
end_of_record
TN:
SF:hooks/use-mobile.tsx
FN:5,useIsMobile
FN:8,(anonymous_5)
FN:10,(anonymous_6)
FN:15,(anonymous_7)
FNF:4
FNH:0
FNDA:0,useIsMobile
FNDA:0,(anonymous_5)
FNDA:0,(anonymous_6)
FNDA:0,(anonymous_7)
DA:1,0
DA:3,0
DA:5,0
DA:6,0
DA:8,0
DA:9,0
DA:10,0
DA:11,0
DA:13,0
DA:14,0
DA:15,0
DA:18,0
LF:12
LH:0
BRF:0
BRH:0
end_of_record
TN:
SF:hooks/use-toast.ts
FN:30,genId
FN:61,(anonymous_8)
FN:66,(anonymous_9)
FN:77,(anonymous_10)
FN:88,(anonymous_11)
FN:101,(anonymous_12)
FN:108,(anonymous_13)
FN:127,(anonymous_14)
FN:136,dispatch
FN:138,(anonymous_16)
FN:145,toast
FN:148,(anonymous_18)
FN:153,(anonymous_19)
FN:161,(anonymous_20)
FN:174,useToast
FN:177,(anonymous_22)
FN:179,(anonymous_23)
FN:190,(anonymous_24)
FNF:18
FNH:0
FNDA:0,genId
FNDA:0,(anonymous_8)
FNDA:0,(anonymous_9)
FNDA:0,(anonymous_10)
FNDA:0,(anonymous_11)
FNDA:0,(anonymous_12)
FNDA:0,(anonymous_13)
FNDA:0,(anonymous_14)
FNDA:0,dispatch
FNDA:0,(anonymous_16)
FNDA:0,toast
FNDA:0,(anonymous_18)
FNDA:0,(anonymous_19)
FNDA:0,(anonymous_20)
FNDA:0,useToast
FNDA:0,(anonymous_22)
FNDA:0,(anonymous_23)
FNDA:0,(anonymous_24)
DA:4,0
DA:11,0
DA:12,0
DA:21,0
DA:28,0
DA:31,0
DA:32,0
DA:59,0
DA:61,0
DA:62,0
DA:63,0
DA:66,0
DA:67,0
DA:68,0
DA:74,0
DA:77,0
DA:78,0
DA:80,0
DA:86,0
DA:89,0
DA:94,0
DA:98,0
DA:99,0
DA:101,0
DA:102,0
DA:106,0
DA:109,0
DA:119,0
DA:120,0
DA:125,0
DA:127,0
DA:132,0
DA:134,0
DA:137,0
DA:138,0
DA:139,0
DA:146,0
DA:148,0
DA:149,0
DA:153,0
DA:155,0
DA:162,0
DA:167,0
DA:175,0
DA:177,0
DA:178,0
DA:179,0
DA:180,0
DA:181,0
DA:182,0
DA:187,0
DA:190,0
DA:194,0
LF:53
LH:0
BRDA:62,0,0,0
BRDA:78,1,0,0
BRDA:78,1,1,0
BRDA:78,1,2,0
BRDA:78,1,3,0
BRDA:89,2,0,0
BRDA:89,2,1,0
BRDA:98,3,0,0
BRDA:98,3,1,0
BRDA:109,4,0,0
BRDA:109,4,1,0
BRDA:109,5,0,0
BRDA:109,5,1,0
BRDA:119,6,0,0
BRDA:162,7,0,0
BRDA:181,8,0,0
BRF:16
BRH:0
end_of_record
TN:
SF:lib/utils.ts
FN:4,cn
FNF:1
FNH:1
FNDA:44,cn
DA:1,3
DA:2,3
DA:4,44
DA:5,44
LF:4
LH:4
BRF:0
BRH:0
end_of_record
TN:
SF:lib/supabase/client.ts
FN:9,(anonymous_1)
FN:29,createMockClient
FN:32,(anonymous_3)
FN:33,(anonymous_4)
FN:33,(anonymous_5)
FN:34,(anonymous_6)
FN:35,(anonymous_7)
FN:36,(anonymous_8)
FN:37,(anonymous_9)
FN:39,(anonymous_10)
FN:40,(anonymous_11)
FN:41,(anonymous_12)
FN:42,(anonymous_13)
FN:43,(anonymous_14)
FN:44,(anonymous_15)
FN:47,(anonymous_16)
FN:48,(anonymous_17)
FN:49,(anonymous_18)
FNF:18
FNH:0
FNDA:0,(anonymous_1)
FNDA:0,createMockClient
FNDA:0,(anonymous_3)
FNDA:0,(anonymous_4)
FNDA:0,(anonymous_5)
FNDA:0,(anonymous_6)
FNDA:0,(anonymous_7)
FNDA:0,(anonymous_8)
FNDA:0,(anonymous_9)
FNDA:0,(anonymous_10)
FNDA:0,(anonymous_11)
FNDA:0,(anonymous_12)
FNDA:0,(anonymous_13)
FNDA:0,(anonymous_14)
FNDA:0,(anonymous_15)
FNDA:0,(anonymous_16)
FNDA:0,(anonymous_17)
FNDA:0,(anonymous_18)
DA:1,0
DA:3,0
DA:4,0
DA:7,0
DA:9,0
DA:10,0
DA:11,0
DA:13,0
DA:14,0
DA:17,0
DA:25,0
DA:30,0
DA:32,0
DA:33,0
DA:34,0
DA:35,0
DA:36,0
DA:37,0
DA:39,0
DA:40,0
DA:41,0
DA:42,0
DA:43,0
DA:44,0
DA:47,0
DA:48,0
DA:49,0
LF:27
LH:0
BRDA:10,0,0,0
BRDA:11,1,0,0
BRDA:11,2,0,0
BRDA:11,2,1,0
BRF:4
BRH:0
end_of_record
TN:
SF:lib/supabase/server.ts
FN:4,(anonymous_1)
FN:29,(anonymous_2)
FN:32,(anonymous_3)
FN:49,(anonymous_4)
FN:74,createMockServerClient
FN:77,(anonymous_6)
FN:82,(anonymous_7)
FN:83,(anonymous_8)
FN:84,(anonymous_9)
FN:85,(anonymous_10)
FN:86,(anonymous_11)
FN:88,(anonymous_12)
FN:90,(anonymous_13)
FN:91,(anonymous_14)
FN:92,(anonymous_15)
FN:95,(anonymous_16)
FN:96,(anonymous_17)
FN:97,(anonymous_18)
FN:98,(anonymous_19)
FN:102,(anonymous_20)
FN:103,(anonymous_21)
FNF:21
FNH:0
FNDA:0,(anonymous_1)
FNDA:0,(anonymous_2)
FNDA:0,(anonymous_3)
FNDA:0,(anonymous_4)
FNDA:0,createMockServerClient
FNDA:0,(anonymous_6)
FNDA:0,(anonymous_7)
FNDA:0,(anonymous_8)
FNDA:0,(anonymous_9)
FNDA:0,(anonymous_10)
FNDA:0,(anonymous_11)
FNDA:0,(anonymous_12)
FNDA:0,(anonymous_13)
FNDA:0,(anonymous_14)
FNDA:0,(anonymous_15)
FNDA:0,(anonymous_16)
FNDA:0,(anonymous_17)
FNDA:0,(anonymous_18)
FNDA:0,(anonymous_19)
FNDA:0,(anonymous_20)
FNDA:0,(anonymous_21)
DA:1,0
DA:2,0
DA:4,0
DA:6,0
DA:12,0
DA:13,0
DA:16,0
DA:17,0
DA:18,0
DA:24,0
DA:30,0
DA:33,0
DA:38,0
DA:43,0
DA:50,0
DA:55,0
DA:60,0
DA:70,0
DA:75,0
DA:77,0
DA:82,0
DA:83,0
DA:84,0
DA:85,0
DA:86,0
DA:88,0
DA:90,0
DA:91,0
DA:92,0
DA:95,0
DA:96,0
DA:97,0
DA:98,0
DA:102,0
DA:103,0
LF:35
LH:0
BRDA:16,0,0,0
BRDA:16,1,0,0
BRDA:16,1,1,0
BRF:3
BRH:0
end_of_record
TN:
SF:lib/upload/cost-calculator.ts
FN:274,(anonymous_1)
FN:278,(anonymous_2)
FN:282,(anonymous_3)
FN:366,(anonymous_4)
FN:392,(anonymous_5)
FN:400,(anonymous_6)
FN:406,(anonymous_7)
FN:437,(anonymous_8)
FN:443,(anonymous_9)
FN:457,(anonymous_10)
FN:472,(anonymous_11)
FNF:11
FNH:0
FNDA:0,(anonymous_1)
FNDA:0,(anonymous_2)
FNDA:0,(anonymous_3)
FNDA:0,(anonymous_4)
FNDA:0,(anonymous_5)
FNDA:0,(anonymous_6)
FNDA:0,(anonymous_7)
FNDA:0,(anonymous_8)
FNDA:0,(anonymous_9)
FNDA:0,(anonymous_10)
FNDA:0,(anonymous_11)
DA:79,0
DA:80,0
DA:105,0
DA:229,0
DA:260,0
DA:266,0
DA:275,0
DA:279,0
DA:290,0
DA:291,0
DA:292,0
DA:295,0
DA:296,0
DA:298,0
DA:302,0
DA:303,0
DA:304,0
DA:306,0
DA:308,0
DA:309,0
DA:310,0
DA:311,0
DA:315,0
DA:316,0
DA:320,0
DA:329,0
DA:330,0
DA:331,0
DA:333,0
DA:334,0
DA:336,0
DA:340,0
DA:343,0
DA:344,0
DA:346,0
DA:347,0
DA:348,0
DA:349,0
DA:351,0
DA:374,0
DA:375,0
DA:377,0
DA:378,0
DA:379,0
DA:381,0
DA:382,0
DA:383,0
DA:385,0
DA:386,0
DA:387,0
DA:389,0
DA:393,0
DA:394,0
DA:395,0
DA:397,0
DA:401,0
DA:402,0
DA:403,0
DA:415,0
DA:416,0
DA:417,0
DA:419,0
DA:423,0
DA:434,0
DA:438,0
DA:439,0
DA:444,0
DA:446,0
DA:447,0
DA:450,0
DA:454,0
DA:458,0
DA:459,0
DA:461,0
DA:473,0
DA:475,0
DA:476,0
DA:479,0
DA:480,0
DA:483,0
DA:484,0
DA:487,0
DA:488,0
DA:491,0
LF:84
LH:0
BRDA:275,0,0,0
BRDA:275,0,1,0
BRDA:288,1,0,0
BRDA:291,2,0,0
BRDA:298,3,0,0
BRDA:298,3,1,0
BRDA:298,4,0,0
BRDA:298,4,1,0
BRDA:302,5,0,0
BRDA:302,5,1,0
BRDA:309,6,0,0
BRDA:309,7,0,0
BRDA:309,7,1,0
BRDA:309,7,2,0
BRDA:311,8,0,0
BRDA:311,8,1,0
BRDA:315,9,0,0
BRDA:326,10,0,0
BRDA:326,10,1,0
BRDA:336,11,0,0
BRDA:336,11,1,0
BRDA:336,12,0,0
BRDA:336,12,1,0
BRDA:379,13,0,0
BRDA:379,13,1,0
BRDA:387,14,0,0
BRDA:387,14,1,0
BRDA:395,15,0,0
BRDA:395,15,1,0
BRDA:401,16,0,0
BRDA:401,16,1,0
BRDA:402,17,0,0
BRDA:402,17,1,0
BRDA:413,18,0,0
BRDA:417,19,0,0
BRDA:417,19,1,0
BRDA:419,20,0,0
BRDA:419,20,1,0
BRDA:419,21,0,0
BRDA:419,21,1,0
BRDA:419,21,2,0
BRDA:438,22,0,0
BRDA:438,23,0,0
BRDA:438,23,1,0
BRDA:446,24,0,0
BRDA:450,25,0,0
BRDA:450,25,1,0
BRDA:450,25,2,0
BRDA:454,26,0,0
BRDA:454,26,1,0
BRDA:459,27,0,0
BRDA:465,28,0,0
BRDA:465,28,1,0
BRDA:468,29,0,0
BRDA:468,29,1,0
BRDA:475,30,0,0
BRDA:479,31,0,0
BRDA:479,32,0,0
BRDA:479,32,1,0
BRDA:483,33,0,0
BRDA:487,34,0,0
BRF:61
BRH:0
end_of_record
TN:
SF:lib/upload/server-file-processor.ts
FN:32,(anonymous_1)
FN:56,(anonymous_2)
FN:127,(anonymous_3)
FN:198,(anonymous_4)
FN:219,(anonymous_5)
FN:245,(anonymous_6)
FN:253,(anonymous_7)
FN:296,(anonymous_8)
FN:304,(anonymous_9)
FNF:9
FNH:0
FNDA:0,(anonymous_1)
FNDA:0,(anonymous_2)
FNDA:0,(anonymous_3)
FNDA:0,(anonymous_4)
FNDA:0,(anonymous_5)
FNDA:0,(anonymous_6)
FNDA:0,(anonymous_7)
FNDA:0,(anonymous_8)
FNDA:0,(anonymous_9)
DA:28,0
DA:29,0
DA:30,0
DA:33,0
DA:34,0
DA:36,0
DA:37,0
DA:40,0
DA:41,0
DA:44,0
DA:45,0
DA:48,0
DA:57,0
DA:58,0
DA:60,0
DA:61,0
DA:63,0
DA:64,0
DA:66,0
DA:67,0
DA:68,0
DA:70,0
DA:71,0
DA:73,0
DA:74,0
DA:75,0
DA:76,0
DA:77,0
DA:79,0
DA:80,0
DA:82,0
DA:83,0
DA:84,0
DA:85,0
DA:86,0
DA:87,0
DA:89,0
DA:91,0
DA:92,0
DA:95,0
DA:101,0
DA:106,0
DA:107,0
DA:108,0
DA:109,0
DA:110,0
DA:111,0
DA:113,0
DA:128,0
DA:129,0
DA:130,0
DA:132,0
DA:133,0
DA:134,0
DA:136,0
DA:137,0
DA:139,0
DA:140,0
DA:141,0
DA:142,0
DA:144,0
DA:146,0
DA:147,0
DA:148,0
DA:149,0
DA:150,0
DA:151,0
DA:152,0
DA:153,0
DA:154,0
DA:155,0
DA:156,0
DA:158,0
DA:159,0
DA:160,0
DA:166,0
DA:172,0
DA:177,0
DA:178,0
DA:179,0
DA:180,0
DA:181,0
DA:182,0
DA:184,0
DA:199,0
DA:201,0
DA:202,0
DA:203,0
DA:204,0
DA:206,0
DA:207,0
DA:212,0
DA:216,0
DA:220,0
DA:222,0
DA:223,0
DA:224,0
DA:225,0
DA:227,0
DA:228,0
DA:229,0
DA:231,0
DA:237,0
DA:238,0
DA:242,0
DA:246,0
DA:247,0
DA:248,0
DA:249,0
DA:250,0
DA:254,0
DA:255,0
DA:257,0
DA:258,0
DA:259,0
DA:260,0
DA:262,0
DA:263,0
DA:264,0
DA:266,0
DA:272,0
DA:273,0
DA:274,0
DA:276,0
DA:277,0
DA:280,0
DA:281,0
DA:282,0
DA:283,0
DA:290,0
DA:291,0
DA:293,0
DA:297,0
DA:298,0
DA:300,0
DA:301,0
DA:305,0
DA:306,0
DA:308,0
DA:309,0
DA:310,0
DA:312,0
DA:313,0
DA:314,0
DA:316,0
DA:317,0
DA:319,0
DA:320,0
DA:322,0
LF:149
LH:0
BRDA:36,0,0,0
BRDA:40,1,0,0
BRDA:44,2,0,0
BRDA:139,3,0,0
BRDA:139,3,1,0
BRDA:152,4,0,0
BRDA:158,5,0,0
BRDA:206,6,0,0
BRDA:206,7,0,0
BRDA:206,7,1,0
BRDA:206,7,2,0
BRDA:227,8,0,0
BRDA:227,9,0,0
BRDA:227,9,1,0
BRDA:227,9,2,0
BRDA:246,10,0,0
BRDA:246,11,0,0
BRDA:246,11,1,0
BRDA:247,12,0,0
BRDA:247,13,0,0
BRDA:247,13,1,0
BRDA:248,14,0,0
BRDA:248,15,0,0
BRDA:248,15,1,0
BRDA:249,16,0,0
BRDA:249,17,0,0
BRDA:249,17,1,0
BRDA:262,18,0,0
BRDA:262,19,0,0
BRDA:262,19,1,0
BRDA:262,19,2,0
BRDA:273,20,0,0
BRDA:276,21,0,0
BRDA:280,22,0,0
BRDA:280,23,0,0
BRDA:280,23,1,0
BRDA:282,24,0,0
BRDA:293,25,0,0
BRDA:293,25,1,0
BRDA:298,26,0,0
BRF:40
BRH:0
end_of_record
